#
# A fatal error has been detected by the Java Runtime Environment:
#
#  Internal Error (javaClasses.cpp:129), pid=21994, tid=139878215190272
#  fatal error: Invalid layout of preloaded class
#
# JRE version: 7.0_25-b30
# Java VM: OpenJDK 64-Bit Server VM (23.7-b01 mixed mode linux-amd64 compressed oops)
# Failed to write core dump. Core dumps have been disabled. To enable core dumping, try "ulimit -c unlimited" before starting Java again
#
# If you would like to submit a bug report, please include
# instructions on how to reproduce the bug and visit:
#   https://bugs.launchpad.net/ubuntu/+source/openjdk-7/
#

---------------  T H R E A D  ---------------

Current thread (0x00007f37e8009000):  JavaThread "Unknown thread" [_thread_in_vm, id=21997, stack(0x00007f37ef440000,0x00007f37ef541000)]

Stack: [0x00007f37ef440000,0x00007f37ef541000],  sp=0x00007f37ef53f9a0,  free space=1022k
Native frames: (J=compiled Java code, j=interpreted, Vv=VM code, C=native code)
V  [libjvm.so+0x84e92b]  VMError::report_and_die()+0x16b
V  [libjvm.so+0x3ebd57]  report_fatal(char const*, int, char const*)+0x57
V  [libjvm.so+0x528efa]  compute_offset(int&, klassOopDesc*, Symbol*, Symbol*, bool) [clone .constprop.123]+0x11a
V  [libjvm.so+0x529166]  java_lang_String::compute_offsets()+0x36
V  [libjvm.so+0x7dcf8d]  SystemDictionary::initialize_preloaded_classes(Thread*)+0x3d
V  [libjvm.so+0x829288]  Universe::genesis(Thread*)+0x468
V  [libjvm.so+0x82973f]  universe2_init()+0x1f
V  [libjvm.so+0x4dde1a]  init_globals()+0x9a
V  [libjvm.so+0x80d26c]  Threads::create_vm(JavaVMInitArgs*, bool*)+0x39c
V  [libjvm.so+0x545278]  JNI_CreateJavaVM+0x58
C  [libjli.so+0x2b34]  __strcat_chk+0x2b34


---------------  P R O C E S S  ---------------

Java Threads: ( => current thread )

Other Threads:

=>0x00007f37e8009000 (exited) JavaThread "Unknown thread" [_thread_in_vm, id=21997, stack(0x00007f37ef440000,0x00007f37ef541000)]

VM state:not at safepoint (not fully initialized)

VM Mutex/Monitor currently owned by a thread: None

GC Heap History (0 events):
No events

Deoptimization events (0 events):
No events

Internal exceptions (0 events):
No events

Events (10 events):
Event: 0.007 loading class 0x00007f37e802b0b0 done
Event: 0.007 loading class 0x00007f37e802a950 done
Event: 0.007 loading class 0x00007f37e802a920
Event: 0.007 loading class 0x00007f37e8056170
Event: 0.007 loading class 0x00007f37e8056170 done
Event: 0.007 loading class 0x00007f37e80561b0
Event: 0.007 loading class 0x00007f37e80561b0 done
Event: 0.007 loading class 0x00007f37e80561f0
Event: 0.007 loading class 0x00007f37e80561f0 done
Event: 0.007 loading class 0x00007f37e802a920 done


Dynamic libraries:
00400000-00401000 r-xp 00000000 08:05 22667                              /usr/lib/jvm/java-7-openjdk-amd64/jre/bin/java
00600000-00601000 r--p 00000000 08:05 22667                              /usr/lib/jvm/java-7-openjdk-amd64/jre/bin/java
00601000-00602000 rw-p 00001000 08:05 22667                              /usr/lib/jvm/java-7-openjdk-amd64/jre/bin/java
006b7000-006d8000 rw-p 00000000 00:00 0                                  [heap]
9aa00000-9bec0000 rw-p 00000000 00:00 0 
9bec0000-a5000000 rw-p 00000000 00:00 0 
a5000000-a8cb0000 rw-p 00000000 00:00 0 
a8cb0000-e1ab0000 rw-p 00000000 00:00 0 
e1ab0000-e3900000 rw-p 00000000 00:00 0 
e3900000-100000000 rw-p 00000000 00:00 0 
7f37c8000000-7f37c8021000 rw-p 00000000 00:00 0 
7f37c8021000-7f37cc000000 ---p 00000000 00:00 0 
7f37d0000000-7f37d0021000 rw-p 00000000 00:00 0 
7f37d0021000-7f37d4000000 ---p 00000000 00:00 0 
7f37d8000000-7f37d8021000 rw-p 00000000 00:00 0 
7f37d8021000-7f37dc000000 ---p 00000000 00:00 0 
7f37dc0a4000-7f37e0000000 rw-p 00000000 00:00 0 
7f37e0000000-7f37e0021000 rw-p 00000000 00:00 0 
7f37e0021000-7f37e4000000 ---p 00000000 00:00 0 
7f37e4508000-7f37e4714000 rw-p 00000000 00:00 0 
7f37e4714000-7f37e47eb000 r--s 013f2000 08:05 2103384                    /home/nitin/Development/adt-bundle-linux-x86_64-20131030/sdk/platforms/android-19/android.jar
7f37e47eb000-7f37e47ec000 ---p 00000000 00:00 0 
7f37e47ec000-7f37e48ec000 rw-p 00000000 00:00 0                          [stack:22003]
7f37e48ec000-7f37e48ed000 ---p 00000000 00:00 0 
7f37e48ed000-7f37e49ed000 rw-p 00000000 00:00 0                          [stack:22002]
7f37e49ed000-7f37e49ee000 ---p 00000000 00:00 0 
7f37e49ee000-7f37e4b0d000 rw-p 00000000 00:00 0                          [stack:22001]
7f37e4b0d000-7f37e4cd4000 rw-p 00000000 00:00 0 
7f37e4cd4000-7f37e4cdf000 rw-p 00000000 00:00 0 
7f37e4cdf000-7f37e4d27000 rw-p 00000000 00:00 0 
7f37e4d27000-7f37e4d46000 rw-p 00000000 00:00 0 
7f37e4d46000-7f37e4f0c000 rw-p 00000000 00:00 0 
7f37e4f0c000-7f37e4f1c000 rw-p 00000000 00:00 0 
7f37e4f1c000-7f37e4fff000 rw-p 00000000 00:00 0 
7f37e4fff000-7f37e5000000 rw-p 00000000 00:00 0 
7f37e5000000-7f37e5270000 rwxp 00000000 00:00 0 
7f37e5270000-7f37e8061000 rw-p 00000000 00:00 0 
7f37e8061000-7f37ec000000 ---p 00000000 00:00 0 
7f37ec018000-7f37ec07a000 rw-p 00000000 00:00 0 
7f37ec07a000-7f37ec07b000 ---p 00000000 00:00 0 
7f37ec07b000-7f37ec186000 rw-p 00000000 00:00 0                          [stack:22000]
7f37ec186000-7f37ec1ce000 rw-p 00000000 00:00 0 
7f37ec1ce000-7f37ec1d6000 r-xp 00000000 08:05 22665                      /usr/lib/jvm/java-7-openjdk-amd64/jre/lib/amd64/libzip.so
7f37ec1d6000-7f37ec3d5000 ---p 00008000 08:05 22665                      /usr/lib/jvm/java-7-openjdk-amd64/jre/lib/amd64/libzip.so
7f37ec3d5000-7f37ec3d6000 r--p 00007000 08:05 22665                      /usr/lib/jvm/java-7-openjdk-amd64/jre/lib/amd64/libzip.so
7f37ec3d6000-7f37ec3d7000 rw-p 00008000 08:05 22665                      /usr/lib/jvm/java-7-openjdk-amd64/jre/lib/amd64/libzip.so
7f37ec3d7000-7f37ec3e3000 r-xp 00000000 08:05 265900                     /lib/x86_64-linux-gnu/libnss_files-2.17.so
7f37ec3e3000-7f37ec5e2000 ---p 0000c000 08:05 265900                     /lib/x86_64-linux-gnu/libnss_files-2.17.so
7f37ec5e2000-7f37ec5e3000 r--p 0000b000 08:05 265900                     /lib/x86_64-linux-gnu/libnss_files-2.17.so
7f37ec5e3000-7f37ec5e4000 rw-p 0000c000 08:05 265900                     /lib/x86_64-linux-gnu/libnss_files-2.17.so
7f37ec5e4000-7f37ec5ef000 r-xp 00000000 08:05 272094                     /lib/x86_64-linux-gnu/libnss_nis-2.17.so
7f37ec5ef000-7f37ec7ee000 ---p 0000b000 08:05 272094                     /lib/x86_64-linux-gnu/libnss_nis-2.17.so
7f37ec7ee000-7f37ec7ef000 r--p 0000a000 08:05 272094                     /lib/x86_64-linux-gnu/libnss_nis-2.17.so
7f37ec7ef000-7f37ec7f0000 rw-p 0000b000 08:05 272094                     /lib/x86_64-linux-gnu/libnss_nis-2.17.so
7f37ec7f0000-7f37ec807000 r-xp 00000000 08:05 262976                     /lib/x86_64-linux-gnu/libnsl-2.17.so
7f37ec807000-7f37eca06000 ---p 00017000 08:05 262976                     /lib/x86_64-linux-gnu/libnsl-2.17.so
7f37eca06000-7f37eca07000 r--p 00016000 08:05 262976                     /lib/x86_64-linux-gnu/libnsl-2.17.so
7f37eca07000-7f37eca08000 rw-p 00017000 08:05 262976                     /lib/x86_64-linux-gnu/libnsl-2.17.so
7f37eca08000-7f37eca0a000 rw-p 00000000 00:00 0 
7f37eca0a000-7f37eca12000 r-xp 00000000 08:05 272096                     /lib/x86_64-linux-gnu/libnss_compat-2.17.so
7f37eca12000-7f37ecc11000 ---p 00008000 08:05 272096                     /lib/x86_64-linux-gnu/libnss_compat-2.17.so
7f37ecc11000-7f37ecc12000 r--p 00007000 08:05 272096                     /lib/x86_64-linux-gnu/libnss_compat-2.17.so
7f37ecc12000-7f37ecc13000 rw-p 00008000 08:05 272096                     /lib/x86_64-linux-gnu/libnss_compat-2.17.so
7f37ecc13000-7f37ecc3e000 r-xp 00000000 08:05 22649                      /usr/lib/jvm/java-7-openjdk-amd64/jre/lib/amd64/libjava.so
7f37ecc3e000-7f37ece3d000 ---p 0002b000 08:05 22649                      /usr/lib/jvm/java-7-openjdk-amd64/jre/lib/amd64/libjava.so
7f37ece3d000-7f37ece3e000 r--p 0002a000 08:05 22649                      /usr/lib/jvm/java-7-openjdk-amd64/jre/lib/amd64/libjava.so
7f37ece3e000-7f37ece40000 rw-p 0002b000 08:05 22649                      /usr/lib/jvm/java-7-openjdk-amd64/jre/lib/amd64/libjava.so
7f37ece40000-7f37ece4f000 r-xp 00000000 08:05 22648                      /usr/lib/jvm/java-7-openjdk-amd64/jre/lib/amd64/libverify.so
7f37ece4f000-7f37ed04e000 ---p 0000f000 08:05 22648                      /usr/lib/jvm/java-7-openjdk-amd64/jre/lib/amd64/libverify.so
7f37ed04e000-7f37ed050000 r--p 0000e000 08:05 22648                      /usr/lib/jvm/java-7-openjdk-amd64/jre/lib/amd64/libverify.so
7f37ed050000-7f37ed051000 rw-p 00010000 08:05 22648                      /usr/lib/jvm/java-7-openjdk-amd64/jre/lib/amd64/libverify.so
7f37ed051000-7f37ed058000 r-xp 00000000 08:05 270962                     /lib/x86_64-linux-gnu/librt-2.17.so
7f37ed058000-7f37ed257000 ---p 00007000 08:05 270962                     /lib/x86_64-linux-gnu/librt-2.17.so
7f37ed257000-7f37ed258000 r--p 00006000 08:05 270962                     /lib/x86_64-linux-gnu/librt-2.17.so
7f37ed258000-7f37ed259000 rw-p 00007000 08:05 270962                     /lib/x86_64-linux-gnu/librt-2.17.so
7f37ed259000-7f37ed26d000 r-xp 00000000 08:05 265957                     /lib/x86_64-linux-gnu/libgcc_s.so.1
7f37ed26d000-7f37ed46d000 ---p 00014000 08:05 265957                     /lib/x86_64-linux-gnu/libgcc_s.so.1
7f37ed46d000-7f37ed46e000 r--p 00014000 08:05 265957                     /lib/x86_64-linux-gnu/libgcc_s.so.1
7f37ed46e000-7f37ed46f000 rw-p 00015000 08:05 265957                     /lib/x86_64-linux-gnu/libgcc_s.so.1
7f37ed46f000-7f37ed572000 r-xp 00000000 08:05 272095                     /lib/x86_64-linux-gnu/libm-2.17.so
7f37ed572000-7f37ed772000 ---p 00103000 08:05 272095                     /lib/x86_64-linux-gnu/libm-2.17.so
7f37ed772000-7f37ed773000 r--p 00103000 08:05 272095                     /lib/x86_64-linux-gnu/libm-2.17.so
7f37ed773000-7f37ed774000 rw-p 00104000 08:05 272095                     /lib/x86_64-linux-gnu/libm-2.17.so
7f37ed774000-7f37ed859000 r-xp 00000000 08:05 12838                      /usr/lib/x86_64-linux-gnu/libstdc++.so.6.0.17
7f37ed859000-7f37eda58000 ---p 000e5000 08:05 12838                      /usr/lib/x86_64-linux-gnu/libstdc++.so.6.0.17
7f37eda58000-7f37eda60000 r--p 000e4000 08:05 12838                      /usr/lib/x86_64-linux-gnu/libstdc++.so.6.0.17
7f37eda60000-7f37eda62000 rw-p 000ec000 08:05 12838                      /usr/lib/x86_64-linux-gnu/libstdc++.so.6.0.17
7f37eda62000-7f37eda77000 rw-p 00000000 00:00 0 
7f37eda77000-7f37ee467000 r-xp 00000000 08:05 22654                      /usr/lib/jvm/java-7-openjdk-amd64/jre/lib/amd64/server/libjvm.so
7f37ee467000-7f37ee666000 ---p 009f0000 08:05 22654                      /usr/lib/jvm/java-7-openjdk-amd64/jre/lib/amd64/server/libjvm.so
7f37ee666000-7f37ee6e5000 r--p 009ef000 08:05 22654                      /usr/lib/jvm/java-7-openjdk-amd64/jre/lib/amd64/server/libjvm.so
7f37ee6e5000-7f37ee708000 rw-p 00a6e000 08:05 22654                      /usr/lib/jvm/java-7-openjdk-amd64/jre/lib/amd64/server/libjvm.so
7f37ee708000-7f37ee733000 rw-p 00000000 00:00 0 
7f37ee733000-7f37ee749000 r-xp 00000000 08:05 266085                     /lib/x86_64-linux-gnu/libz.so.1.2.7
7f37ee749000-7f37ee948000 ---p 00016000 08:05 266085                     /lib/x86_64-linux-gnu/libz.so.1.2.7
7f37ee948000-7f37ee949000 r--p 00015000 08:05 266085                     /lib/x86_64-linux-gnu/libz.so.1.2.7
7f37ee949000-7f37ee94a000 rw-p 00016000 08:05 266085                     /lib/x86_64-linux-gnu/libz.so.1.2.7
7f37ee94a000-7f37ee962000 r-xp 00000000 08:05 262977                     /lib/x86_64-linux-gnu/libpthread-2.17.so
7f37ee962000-7f37eeb61000 ---p 00018000 08:05 262977                     /lib/x86_64-linux-gnu/libpthread-2.17.so
7f37eeb61000-7f37eeb62000 r--p 00017000 08:05 262977                     /lib/x86_64-linux-gnu/libpthread-2.17.so
7f37eeb62000-7f37eeb63000 rw-p 00018000 08:05 262977                     /lib/x86_64-linux-gnu/libpthread-2.17.so
7f37eeb63000-7f37eeb67000 rw-p 00000000 00:00 0 
7f37eeb67000-7f37eeb6a000 r-xp 00000000 08:05 265860                     /lib/x86_64-linux-gnu/libdl-2.17.so
7f37eeb6a000-7f37eed69000 ---p 00003000 08:05 265860                     /lib/x86_64-linux-gnu/libdl-2.17.so
7f37eed69000-7f37eed6a000 r--p 00002000 08:05 265860                     /lib/x86_64-linux-gnu/libdl-2.17.so
7f37eed6a000-7f37eed6b000 rw-p 00003000 08:05 265860                     /lib/x86_64-linux-gnu/libdl-2.17.so
7f37eed6b000-7f37eef2a000 r-xp 00000000 08:05 272098                     /lib/x86_64-linux-gnu/libc-2.17.so
7f37eef2a000-7f37ef129000 ---p 001bf000 08:05 272098                     /lib/x86_64-linux-gnu/libc-2.17.so
7f37ef129000-7f37ef12d000 r--p 001be000 08:05 272098                     /lib/x86_64-linux-gnu/libc-2.17.so
7f37ef12d000-7f37ef12f000 rw-p 001c2000 08:05 272098                     /lib/x86_64-linux-gnu/libc-2.17.so
7f37ef12f000-7f37ef134000 rw-p 00000000 00:00 0 
7f37ef134000-7f37ef141000 r-xp 00000000 08:05 22631                      /usr/lib/jvm/java-7-openjdk-amd64/jre/lib/amd64/jli/libjli.so
7f37ef141000-7f37ef340000 ---p 0000d000 08:05 22631                      /usr/lib/jvm/java-7-openjdk-amd64/jre/lib/amd64/jli/libjli.so
7f37ef340000-7f37ef341000 r--p 0000c000 08:05 22631                      /usr/lib/jvm/java-7-openjdk-amd64/jre/lib/amd64/jli/libjli.so
7f37ef341000-7f37ef342000 rw-p 0000d000 08:05 22631                      /usr/lib/jvm/java-7-openjdk-amd64/jre/lib/amd64/jli/libjli.so
7f37ef342000-7f37ef365000 r-xp 00000000 08:05 262968                     /lib/x86_64-linux-gnu/ld-2.17.so
7f37ef380000-7f37ef38a000 rw-p 00000000 00:00 0 
7f37ef38a000-7f37ef440000 rw-p 00000000 00:00 0 
7f37ef440000-7f37ef443000 ---p 00000000 00:00 0 
7f37ef443000-7f37ef546000 rw-p 00000000 00:00 0                          [stack:21997]
7f37ef556000-7f37ef558000 rw-p 00000000 00:00 0 
7f37ef558000-7f37ef560000 rw-s 00000000 08:05 3029795                    /tmp/hsperfdata_nitin/21994
7f37ef560000-7f37ef561000 rw-p 00000000 00:00 0 
7f37ef561000-7f37ef562000 r--p 00000000 00:00 0 
7f37ef562000-7f37ef564000 rw-p 00000000 00:00 0 
7f37ef564000-7f37ef565000 r--p 00022000 08:05 262968                     /lib/x86_64-linux-gnu/ld-2.17.so
7f37ef565000-7f37ef567000 rw-p 00023000 08:05 262968                     /lib/x86_64-linux-gnu/ld-2.17.so
7fffa1ce8000-7fffa1d09000 rw-p 00000000 00:00 0                          [stack]
7fffa1dfe000-7fffa1e00000 r-xp 00000000 00:00 0                          [vdso]
ffffffffff600000-ffffffffff601000 r-xp 00000000 00:00 0                  [vsyscall]

VM Arguments:
jvm_args: -Dfile.encoding=UTF-8 -Xbootclasspath:/home/nitin/Development/adt-bundle-linux-x86_64-20131030/sdk/platforms/android-19/android.jar 
java_command: com.huevision.threads.SensorListener
Launcher Type: SUN_STANDARD

Environment Variables:
PATH=/usr/lib/lightdm/lightdm:/usr/local/sbin:/usr/local/bin:/usr/sbin:/usr/bin:/sbin:/bin:/usr/games:/usr/local/games:/home/nitin/Development/adt-bundle-linux-x86_64-20131030/eclipse:/home/nitin/Development/go/bin
SHELL=/bin/bash
DISPLAY=:0.0

Signal Handlers:
SIGSEGV: [libjvm.so+0x84f410], sa_mask[0]=0x7ffbfeff, sa_flags=0x10000004
SIGBUS: [libjvm.so+0x84f410], sa_mask[0]=0x7ffbfeff, sa_flags=0x10000004
SIGFPE: [libjvm.so+0x6f19a0], sa_mask[0]=0x7ffbfeff, sa_flags=0x10000004
SIGPIPE: [libjvm.so+0x6f19a0], sa_mask[0]=0x7ffbfeff, sa_flags=0x10000004
SIGXFSZ: [libjvm.so+0x6f19a0], sa_mask[0]=0x7ffbfeff, sa_flags=0x10000004
SIGILL: [libjvm.so+0x6f19a0], sa_mask[0]=0x7ffbfeff, sa_flags=0x10000004
SIGUSR1: SIG_DFL, sa_mask[0]=0x00000000, sa_flags=0x00000000
SIGUSR2: [libjvm.so+0x6f1d70], sa_mask[0]=0x00000004, sa_flags=0x10000004
SIGHUP: SIG_DFL, sa_mask[0]=0x00000000, sa_flags=0x00000000
SIGINT: SIG_DFL, sa_mask[0]=0x00000000, sa_flags=0x00000000
SIGTERM: SIG_DFL, sa_mask[0]=0x00000000, sa_flags=0x00000000
SIGQUIT: SIG_DFL, sa_mask[0]=0x00000000, sa_flags=0x00000000


---------------  S Y S T E M  ---------------

OS:Ubuntu 13.04 (raring)
uname:Linux 3.8.0-35-generic #50-Ubuntu SMP Tue Dec 3 01:24:59 UTC 2013 x86_64
libc:glibc 2.17 NPTL 2.17 
rlimit: STACK 8192k, CORE 0k, NPROC 46438, NOFILE 4096, AS infinity
load average:1.19 0.97 0.87

/proc/meminfo:
MemTotal:        5963304 kB
MemFree:          194024 kB
Buffers:           40572 kB
Cached:          1103856 kB
SwapCached:       122304 kB
Active:          4103200 kB
Inactive:        1381044 kB
Active(anon):    3835292 kB
Inactive(anon):  1108028 kB
Active(file):     267908 kB
Inactive(file):   273016 kB
Unevictable:          80 kB
Mlocked:              80 kB
SwapTotal:       6138876 kB
SwapFree:        4377860 kB
Dirty:                84 kB
Writeback:             0 kB
AnonPages:       4255976 kB
Mapped:           352736 kB
Shmem:            603504 kB
Slab:             105468 kB
SReclaimable:      55732 kB
SUnreclaim:        49736 kB
KernelStack:        6944 kB
PageTables:        87944 kB
NFS_Unstable:          0 kB
Bounce:                0 kB
WritebackTmp:          0 kB
CommitLimit:     9120528 kB
Committed_AS:   20489528 kB
VmallocTotal:   34359738367 kB
VmallocUsed:      552400 kB
VmallocChunk:   34359182256 kB
HardwareCorrupted:     0 kB
AnonHugePages:         0 kB
HugePages_Total:       0
HugePages_Free:        0
HugePages_Rsvd:        0
HugePages_Surp:        0
Hugepagesize:       2048 kB
DirectMap4k:       79872 kB
DirectMap2M:     6062080 kB


CPU:total 4 (2 cores per cpu, 2 threads per core) family 6 model 42 stepping 7, cmov, cx8, fxsr, mmx, sse, sse2, sse3, ssse3, sse4.1, sse4.2, popcnt, avx, ht, tsc, tscinvbit

/proc/cpuinfo:
processor	: 0
vendor_id	: GenuineIntel
cpu family	: 6
model		: 42
model name	: Intel(R) Core(TM) i5-2410M CPU @ 2.30GHz
stepping	: 7
microcode	: 0x14
cpu MHz		: 2300.000
cache size	: 3072 KB
physical id	: 0
siblings	: 4
core id		: 0
cpu cores	: 2
apicid		: 0
initial apicid	: 0
fpu		: yes
fpu_exception	: yes
cpuid level	: 13
wp		: yes
flags		: fpu vme de pse tsc msr pae mce cx8 apic sep mtrr pge mca cmov pat pse36 clflush dts acpi mmx fxsr sse sse2 ss ht tm pbe syscall nx rdtscp lm constant_tsc arch_perfmon pebs bts rep_good nopl xtopology nonstop_tsc aperfmperf eagerfpu pni pclmulqdq dtes64 monitor ds_cpl vmx est tm2 ssse3 cx16 xtpr pdcm pcid sse4_1 sse4_2 x2apic popcnt tsc_deadline_timer xsave avx lahf_lm ida arat epb xsaveopt pln pts dtherm tpr_shadow vnmi flexpriority ept vpid
bogomips	: 4589.33
clflush size	: 64
cache_alignment	: 64
address sizes	: 36 bits physical, 48 bits virtual
power management:

processor	: 1
vendor_id	: GenuineIntel
cpu family	: 6
model		: 42
model name	: Intel(R) Core(TM) i5-2410M CPU @ 2.30GHz
stepping	: 7
microcode	: 0x14
cpu MHz		: 2301.000
cache size	: 3072 KB
physical id	: 0
siblings	: 4
core id		: 0
cpu cores	: 2
apicid		: 1
initial apicid	: 1
fpu		: yes
fpu_exception	: yes
cpuid level	: 13
wp		: yes
flags		: fpu vme de pse tsc msr pae mce cx8 apic sep mtrr pge mca cmov pat pse36 clflush dts acpi mmx fxsr sse sse2 ss ht tm pbe syscall nx rdtscp lm constant_tsc arch_perfmon pebs bts rep_good nopl xtopology nonstop_tsc aperfmperf eagerfpu pni pclmulqdq dtes64 monitor ds_cpl vmx est tm2 ssse3 cx16 xtpr pdcm pcid sse4_1 sse4_2 x2apic popcnt tsc_deadline_timer xsave avx lahf_lm ida arat epb xsaveopt pln pts dtherm tpr_shadow vnmi flexpriority ept vpid
bogomips	: 4589.33
clflush size	: 64
cache_alignment	: 64
address sizes	: 36 bits physical, 48 bits virtual
power management:

processor	: 2
vendor_id	: GenuineIntel
cpu family	: 6
model		: 42
model name	: Intel(R) Core(TM) i5-2410M CPU @ 2.30GHz
stepping	: 7
microcode	: 0x14
cpu MHz		: 2301.000
cache size	: 3072 KB
physical id	: 0
siblings	: 4
core id		: 1
cpu cores	: 2
apicid		: 2
initial apicid	: 2
fpu		: yes
fpu_exception	: yes
cpuid level	: 13
wp		: yes
flags		: fpu vme de pse tsc msr pae mce cx8 apic sep mtrr pge mca cmov pat pse36 clflush dts acpi mmx fxsr sse sse2 ss ht tm pbe syscall nx rdtscp lm constant_tsc arch_perfmon pebs bts rep_good nopl xtopology nonstop_tsc aperfmperf eagerfpu pni pclmulqdq dtes64 monitor ds_cpl vmx est tm2 ssse3 cx16 xtpr pdcm pcid sse4_1 sse4_2 x2apic popcnt tsc_deadline_timer xsave avx lahf_lm ida arat epb xsaveopt pln pts dtherm tpr_shadow vnmi flexpriority ept vpid
bogomips	: 4589.33
clflush size	: 64
cache_alignment	: 64
address sizes	: 36 bits physical, 48 bits virtual
power management:

processor	: 3
vendor_id	: GenuineIntel
cpu family	: 6
model		: 42
model name	: Intel(R) Core(TM) i5-2410M CPU @ 2.30GHz
stepping	: 7
microcode	: 0x14
cpu MHz		: 2301.000
cache size	: 3072 KB
physical id	: 0
siblings	: 4
core id		: 1
cpu cores	: 2
apicid		: 3
initial apicid	: 3
fpu		: yes
fpu_exception	: yes
cpuid level	: 13
wp		: yes
flags		: fpu vme de pse tsc msr pae mce cx8 apic sep mtrr pge mca cmov pat pse36 clflush dts acpi mmx fxsr sse sse2 ss ht tm pbe syscall nx rdtscp lm constant_tsc arch_perfmon pebs bts rep_good nopl xtopology nonstop_tsc aperfmperf eagerfpu pni pclmulqdq dtes64 monitor ds_cpl vmx est tm2 ssse3 cx16 xtpr pdcm pcid sse4_1 sse4_2 x2apic popcnt tsc_deadline_timer xsave avx lahf_lm ida arat epb xsaveopt pln pts dtherm tpr_shadow vnmi flexpriority ept vpid
bogomips	: 4589.33
clflush size	: 64
cache_alignment	: 64
address sizes	: 36 bits physical, 48 bits virtual
power management:



Memory: 4k page, physical 5963304k(194024k free), swap 6138876k(4377860k free)

vm_info: OpenJDK 64-Bit Server VM (23.7-b01) for linux-amd64 JRE (1.7.0_25-b30), built on Jul  3 2013 13:50:39 by "buildd" with gcc 4.7.3

time: Sat Feb 15 20:03:45 2014
elapsed time: 0 seconds

