#
# A fatal error has been detected by the Java Runtime Environment:
#
#  Internal Error (javaClasses.cpp:129), pid=24024, tid=139698296633088
#  fatal error: Invalid layout of preloaded class
#
# JRE version: 7.0_25-b30
# Java VM: OpenJDK 64-Bit Server VM (23.7-b01 mixed mode linux-amd64 compressed oops)
# Failed to write core dump. Core dumps have been disabled. To enable core dumping, try "ulimit -c unlimited" before starting Java again
#
# If you would like to submit a bug report, please include
# instructions on how to reproduce the bug and visit:
#   https://bugs.launchpad.net/ubuntu/+source/openjdk-7/
#

---------------  T H R E A D  ---------------

Current thread (0x00007f0e04009000):  JavaThread "Unknown thread" [_thread_in_vm, id=24026, stack(0x00007f0e0b48b000,0x00007f0e0b58c000)]

Stack: [0x00007f0e0b48b000,0x00007f0e0b58c000],  sp=0x00007f0e0b58a9a0,  free space=1022k
Native frames: (J=compiled Java code, j=interpreted, Vv=VM code, C=native code)
V  [libjvm.so+0x84e92b]  VMError::report_and_die()+0x16b
V  [libjvm.so+0x3ebd57]  report_fatal(char const*, int, char const*)+0x57
V  [libjvm.so+0x528efa]  compute_offset(int&, klassOopDesc*, Symbol*, Symbol*, bool) [clone .constprop.123]+0x11a
V  [libjvm.so+0x529166]  java_lang_String::compute_offsets()+0x36
V  [libjvm.so+0x7dcf8d]  SystemDictionary::initialize_preloaded_classes(Thread*)+0x3d
V  [libjvm.so+0x829288]  Universe::genesis(Thread*)+0x468
V  [libjvm.so+0x82973f]  universe2_init()+0x1f
V  [libjvm.so+0x4dde1a]  init_globals()+0x9a
V  [libjvm.so+0x80d26c]  Threads::create_vm(JavaVMInitArgs*, bool*)+0x39c
V  [libjvm.so+0x545278]  JNI_CreateJavaVM+0x58
C  [libjli.so+0x2b34]  __strcat_chk+0x2b34


---------------  P R O C E S S  ---------------

Java Threads: ( => current thread )

Other Threads:

=>0x00007f0e04009000 (exited) JavaThread "Unknown thread" [_thread_in_vm, id=24026, stack(0x00007f0e0b48b000,0x00007f0e0b58c000)]

VM state:not at safepoint (not fully initialized)

VM Mutex/Monitor currently owned by a thread: None

GC Heap History (0 events):
No events

Deoptimization events (0 events):
No events

Internal exceptions (0 events):
No events

Events (10 events):
Event: 0.030 loading class 0x00007f0e0402b0b0 done
Event: 0.031 loading class 0x00007f0e0402a950 done
Event: 0.031 loading class 0x00007f0e0402a920
Event: 0.031 loading class 0x00007f0e04056170
Event: 0.031 loading class 0x00007f0e04056170 done
Event: 0.031 loading class 0x00007f0e040561b0
Event: 0.031 loading class 0x00007f0e040561b0 done
Event: 0.031 loading class 0x00007f0e040561f0
Event: 0.031 loading class 0x00007f0e040561f0 done
Event: 0.031 loading class 0x00007f0e0402a920 done


Dynamic libraries:
00400000-00401000 r-xp 00000000 08:05 22667                              /usr/lib/jvm/java-7-openjdk-amd64/jre/bin/java
00600000-00601000 r--p 00000000 08:05 22667                              /usr/lib/jvm/java-7-openjdk-amd64/jre/bin/java
00601000-00602000 rw-p 00001000 08:05 22667                              /usr/lib/jvm/java-7-openjdk-amd64/jre/bin/java
00e5c000-00e7d000 rw-p 00000000 00:00 0                                  [heap]
9aa00000-9bec0000 rw-p 00000000 00:00 0 
9bec0000-a5000000 rw-p 00000000 00:00 0 
a5000000-a8cb0000 rw-p 00000000 00:00 0 
a8cb0000-e1ab0000 rw-p 00000000 00:00 0 
e1ab0000-e3900000 rw-p 00000000 00:00 0 
e3900000-100000000 rw-p 00000000 00:00 0 
7f0df0000000-7f0df0021000 rw-p 00000000 00:00 0 
7f0df0021000-7f0df4000000 ---p 00000000 00:00 0 
7f0df4000000-7f0df4021000 rw-p 00000000 00:00 0 
7f0df4021000-7f0df8000000 ---p 00000000 00:00 0 
7f0df8000000-7f0df8021000 rw-p 00000000 00:00 0 
7f0df8021000-7f0dfc000000 ---p 00000000 00:00 0 
7f0dfc604000-7f0dfc84a000 rw-p 00000000 00:00 0 
7f0dfc84a000-7f0dfc921000 r--s 013f2000 08:05 2103384                    /home/nitin/Development/adt-bundle-linux-x86_64-20131030/sdk/platforms/android-19/android.jar
7f0dfc921000-7f0e0087d000 rw-p 00000000 00:00 0 
7f0e0087d000-7f0e0087e000 ---p 00000000 00:00 0 
7f0e0087e000-7f0e0097e000 rw-p 00000000 00:00 0                          [stack:24035]
7f0e0097e000-7f0e0097f000 ---p 00000000 00:00 0 
7f0e0097f000-7f0e00a7f000 rw-p 00000000 00:00 0                          [stack:24034]
7f0e00a7f000-7f0e00a80000 ---p 00000000 00:00 0 
7f0e00a80000-7f0e00b80000 rw-p 00000000 00:00 0                          [stack:24033]
7f0e00b80000-7f0e00b81000 ---p 00000000 00:00 0 
7f0e00b81000-7f0e00c8c000 rw-p 00000000 00:00 0                          [stack:24031]
7f0e00c8c000-7f0e00cd4000 rw-p 00000000 00:00 0 
7f0e00cd4000-7f0e00cdf000 rw-p 00000000 00:00 0 
7f0e00cdf000-7f0e00d27000 rw-p 00000000 00:00 0 
7f0e00d27000-7f0e00d46000 rw-p 00000000 00:00 0 
7f0e00d46000-7f0e00f0c000 rw-p 00000000 00:00 0 
7f0e00f0c000-7f0e00f1c000 rw-p 00000000 00:00 0 
7f0e00f1c000-7f0e00fff000 rw-p 00000000 00:00 0 
7f0e00fff000-7f0e01000000 rw-p 00000000 00:00 0 
7f0e01000000-7f0e01270000 rwxp 00000000 00:00 0 
7f0e01270000-7f0e04061000 rw-p 00000000 00:00 0 
7f0e04061000-7f0e08000000 ---p 00000000 00:00 0 
7f0e0800b000-7f0e08052000 rw-p 00000000 00:00 0 
7f0e08052000-7f0e08219000 rw-p 00000000 00:00 0 
7f0e08219000-7f0e08221000 r-xp 00000000 08:05 22665                      /usr/lib/jvm/java-7-openjdk-amd64/jre/lib/amd64/libzip.so
7f0e08221000-7f0e08420000 ---p 00008000 08:05 22665                      /usr/lib/jvm/java-7-openjdk-amd64/jre/lib/amd64/libzip.so
7f0e08420000-7f0e08421000 r--p 00007000 08:05 22665                      /usr/lib/jvm/java-7-openjdk-amd64/jre/lib/amd64/libzip.so
7f0e08421000-7f0e08422000 rw-p 00008000 08:05 22665                      /usr/lib/jvm/java-7-openjdk-amd64/jre/lib/amd64/libzip.so
7f0e08422000-7f0e0842e000 r-xp 00000000 08:05 265900                     /lib/x86_64-linux-gnu/libnss_files-2.17.so
7f0e0842e000-7f0e0862d000 ---p 0000c000 08:05 265900                     /lib/x86_64-linux-gnu/libnss_files-2.17.so
7f0e0862d000-7f0e0862e000 r--p 0000b000 08:05 265900                     /lib/x86_64-linux-gnu/libnss_files-2.17.so
7f0e0862e000-7f0e0862f000 rw-p 0000c000 08:05 265900                     /lib/x86_64-linux-gnu/libnss_files-2.17.so
7f0e0862f000-7f0e0863a000 r-xp 00000000 08:05 272094                     /lib/x86_64-linux-gnu/libnss_nis-2.17.so
7f0e0863a000-7f0e08839000 ---p 0000b000 08:05 272094                     /lib/x86_64-linux-gnu/libnss_nis-2.17.so
7f0e08839000-7f0e0883a000 r--p 0000a000 08:05 272094                     /lib/x86_64-linux-gnu/libnss_nis-2.17.so
7f0e0883a000-7f0e0883b000 rw-p 0000b000 08:05 272094                     /lib/x86_64-linux-gnu/libnss_nis-2.17.so
7f0e0883b000-7f0e08852000 r-xp 00000000 08:05 262976                     /lib/x86_64-linux-gnu/libnsl-2.17.so
7f0e08852000-7f0e08a51000 ---p 00017000 08:05 262976                     /lib/x86_64-linux-gnu/libnsl-2.17.so
7f0e08a51000-7f0e08a52000 r--p 00016000 08:05 262976                     /lib/x86_64-linux-gnu/libnsl-2.17.so
7f0e08a52000-7f0e08a53000 rw-p 00017000 08:05 262976                     /lib/x86_64-linux-gnu/libnsl-2.17.so
7f0e08a53000-7f0e08a55000 rw-p 00000000 00:00 0 
7f0e08a55000-7f0e08a5d000 r-xp 00000000 08:05 272096                     /lib/x86_64-linux-gnu/libnss_compat-2.17.so
7f0e08a5d000-7f0e08c5c000 ---p 00008000 08:05 272096                     /lib/x86_64-linux-gnu/libnss_compat-2.17.so
7f0e08c5c000-7f0e08c5d000 r--p 00007000 08:05 272096                     /lib/x86_64-linux-gnu/libnss_compat-2.17.so
7f0e08c5d000-7f0e08c5e000 rw-p 00008000 08:05 272096                     /lib/x86_64-linux-gnu/libnss_compat-2.17.so
7f0e08c5e000-7f0e08c89000 r-xp 00000000 08:05 22649                      /usr/lib/jvm/java-7-openjdk-amd64/jre/lib/amd64/libjava.so
7f0e08c89000-7f0e08e88000 ---p 0002b000 08:05 22649                      /usr/lib/jvm/java-7-openjdk-amd64/jre/lib/amd64/libjava.so
7f0e08e88000-7f0e08e89000 r--p 0002a000 08:05 22649                      /usr/lib/jvm/java-7-openjdk-amd64/jre/lib/amd64/libjava.so
7f0e08e89000-7f0e08e8b000 rw-p 0002b000 08:05 22649                      /usr/lib/jvm/java-7-openjdk-amd64/jre/lib/amd64/libjava.so
7f0e08e8b000-7f0e08e9a000 r-xp 00000000 08:05 22648                      /usr/lib/jvm/java-7-openjdk-amd64/jre/lib/amd64/libverify.so
7f0e08e9a000-7f0e09099000 ---p 0000f000 08:05 22648                      /usr/lib/jvm/java-7-openjdk-amd64/jre/lib/amd64/libverify.so
7f0e09099000-7f0e0909b000 r--p 0000e000 08:05 22648                      /usr/lib/jvm/java-7-openjdk-amd64/jre/lib/amd64/libverify.so
7f0e0909b000-7f0e0909c000 rw-p 00010000 08:05 22648                      /usr/lib/jvm/java-7-openjdk-amd64/jre/lib/amd64/libverify.so
7f0e0909c000-7f0e090a3000 r-xp 00000000 08:05 270962                     /lib/x86_64-linux-gnu/librt-2.17.so
7f0e090a3000-7f0e092a2000 ---p 00007000 08:05 270962                     /lib/x86_64-linux-gnu/librt-2.17.so
7f0e092a2000-7f0e092a3000 r--p 00006000 08:05 270962                     /lib/x86_64-linux-gnu/librt-2.17.so
7f0e092a3000-7f0e092a4000 rw-p 00007000 08:05 270962                     /lib/x86_64-linux-gnu/librt-2.17.so
7f0e092a4000-7f0e092b8000 r-xp 00000000 08:05 265957                     /lib/x86_64-linux-gnu/libgcc_s.so.1
7f0e092b8000-7f0e094b8000 ---p 00014000 08:05 265957                     /lib/x86_64-linux-gnu/libgcc_s.so.1
7f0e094b8000-7f0e094b9000 r--p 00014000 08:05 265957                     /lib/x86_64-linux-gnu/libgcc_s.so.1
7f0e094b9000-7f0e094ba000 rw-p 00015000 08:05 265957                     /lib/x86_64-linux-gnu/libgcc_s.so.1
7f0e094ba000-7f0e095bd000 r-xp 00000000 08:05 272095                     /lib/x86_64-linux-gnu/libm-2.17.so
7f0e095bd000-7f0e097bd000 ---p 00103000 08:05 272095                     /lib/x86_64-linux-gnu/libm-2.17.so
7f0e097bd000-7f0e097be000 r--p 00103000 08:05 272095                     /lib/x86_64-linux-gnu/libm-2.17.so
7f0e097be000-7f0e097bf000 rw-p 00104000 08:05 272095                     /lib/x86_64-linux-gnu/libm-2.17.so
7f0e097bf000-7f0e098a4000 r-xp 00000000 08:05 12838                      /usr/lib/x86_64-linux-gnu/libstdc++.so.6.0.17
7f0e098a4000-7f0e09aa3000 ---p 000e5000 08:05 12838                      /usr/lib/x86_64-linux-gnu/libstdc++.so.6.0.17
7f0e09aa3000-7f0e09aab000 r--p 000e4000 08:05 12838                      /usr/lib/x86_64-linux-gnu/libstdc++.so.6.0.17
7f0e09aab000-7f0e09aad000 rw-p 000ec000 08:05 12838                      /usr/lib/x86_64-linux-gnu/libstdc++.so.6.0.17
7f0e09aad000-7f0e09ac2000 rw-p 00000000 00:00 0 
7f0e09ac2000-7f0e0a4b2000 r-xp 00000000 08:05 22654                      /usr/lib/jvm/java-7-openjdk-amd64/jre/lib/amd64/server/libjvm.so
7f0e0a4b2000-7f0e0a6b1000 ---p 009f0000 08:05 22654                      /usr/lib/jvm/java-7-openjdk-amd64/jre/lib/amd64/server/libjvm.so
7f0e0a6b1000-7f0e0a730000 r--p 009ef000 08:05 22654                      /usr/lib/jvm/java-7-openjdk-amd64/jre/lib/amd64/server/libjvm.so
7f0e0a730000-7f0e0a753000 rw-p 00a6e000 08:05 22654                      /usr/lib/jvm/java-7-openjdk-amd64/jre/lib/amd64/server/libjvm.so
7f0e0a753000-7f0e0a77e000 rw-p 00000000 00:00 0 
7f0e0a77e000-7f0e0a794000 r-xp 00000000 08:05 266085                     /lib/x86_64-linux-gnu/libz.so.1.2.7
7f0e0a794000-7f0e0a993000 ---p 00016000 08:05 266085                     /lib/x86_64-linux-gnu/libz.so.1.2.7
7f0e0a993000-7f0e0a994000 r--p 00015000 08:05 266085                     /lib/x86_64-linux-gnu/libz.so.1.2.7
7f0e0a994000-7f0e0a995000 rw-p 00016000 08:05 266085                     /lib/x86_64-linux-gnu/libz.so.1.2.7
7f0e0a995000-7f0e0a9ad000 r-xp 00000000 08:05 262977                     /lib/x86_64-linux-gnu/libpthread-2.17.so
7f0e0a9ad000-7f0e0abac000 ---p 00018000 08:05 262977                     /lib/x86_64-linux-gnu/libpthread-2.17.so
7f0e0abac000-7f0e0abad000 r--p 00017000 08:05 262977                     /lib/x86_64-linux-gnu/libpthread-2.17.so
7f0e0abad000-7f0e0abae000 rw-p 00018000 08:05 262977                     /lib/x86_64-linux-gnu/libpthread-2.17.so
7f0e0abae000-7f0e0abb2000 rw-p 00000000 00:00 0 
7f0e0abb2000-7f0e0abb5000 r-xp 00000000 08:05 265860                     /lib/x86_64-linux-gnu/libdl-2.17.so
7f0e0abb5000-7f0e0adb4000 ---p 00003000 08:05 265860                     /lib/x86_64-linux-gnu/libdl-2.17.so
7f0e0adb4000-7f0e0adb5000 r--p 00002000 08:05 265860                     /lib/x86_64-linux-gnu/libdl-2.17.so
7f0e0adb5000-7f0e0adb6000 rw-p 00003000 08:05 265860                     /lib/x86_64-linux-gnu/libdl-2.17.so
7f0e0adb6000-7f0e0af75000 r-xp 00000000 08:05 272098                     /lib/x86_64-linux-gnu/libc-2.17.so
7f0e0af75000-7f0e0b174000 ---p 001bf000 08:05 272098                     /lib/x86_64-linux-gnu/libc-2.17.so
7f0e0b174000-7f0e0b178000 r--p 001be000 08:05 272098                     /lib/x86_64-linux-gnu/libc-2.17.so
7f0e0b178000-7f0e0b17a000 rw-p 001c2000 08:05 272098                     /lib/x86_64-linux-gnu/libc-2.17.so
7f0e0b17a000-7f0e0b17f000 rw-p 00000000 00:00 0 
7f0e0b17f000-7f0e0b18c000 r-xp 00000000 08:05 22631                      /usr/lib/jvm/java-7-openjdk-amd64/jre/lib/amd64/jli/libjli.so
7f0e0b18c000-7f0e0b38b000 ---p 0000d000 08:05 22631                      /usr/lib/jvm/java-7-openjdk-amd64/jre/lib/amd64/jli/libjli.so
7f0e0b38b000-7f0e0b38c000 r--p 0000c000 08:05 22631                      /usr/lib/jvm/java-7-openjdk-amd64/jre/lib/amd64/jli/libjli.so
7f0e0b38c000-7f0e0b38d000 rw-p 0000d000 08:05 22631                      /usr/lib/jvm/java-7-openjdk-amd64/jre/lib/amd64/jli/libjli.so
7f0e0b38d000-7f0e0b3b0000 r-xp 00000000 08:05 262968                     /lib/x86_64-linux-gnu/ld-2.17.so
7f0e0b3cb000-7f0e0b3d5000 rw-p 00000000 00:00 0 
7f0e0b3d5000-7f0e0b48b000 rw-p 00000000 00:00 0 
7f0e0b48b000-7f0e0b48e000 ---p 00000000 00:00 0 
7f0e0b48e000-7f0e0b591000 rw-p 00000000 00:00 0                          [stack:24026]
7f0e0b5a1000-7f0e0b5a3000 rw-p 00000000 00:00 0 
7f0e0b5a3000-7f0e0b5ab000 rw-s 00000000 08:05 3029795                    /tmp/hsperfdata_nitin/24024
7f0e0b5ab000-7f0e0b5ac000 rw-p 00000000 00:00 0 
7f0e0b5ac000-7f0e0b5ad000 r--p 00000000 00:00 0 
7f0e0b5ad000-7f0e0b5af000 rw-p 00000000 00:00 0 
7f0e0b5af000-7f0e0b5b0000 r--p 00022000 08:05 262968                     /lib/x86_64-linux-gnu/ld-2.17.so
7f0e0b5b0000-7f0e0b5b2000 rw-p 00023000 08:05 262968                     /lib/x86_64-linux-gnu/ld-2.17.so
7fff9ce77000-7fff9ce98000 rw-p 00000000 00:00 0                          [stack]
7fff9ceae000-7fff9ceb0000 r-xp 00000000 00:00 0                          [vdso]
ffffffffff600000-ffffffffff601000 r-xp 00000000 00:00 0                  [vsyscall]

VM Arguments:
jvm_args: -Dfile.encoding=UTF-8 -Xbootclasspath:/home/nitin/Development/adt-bundle-linux-x86_64-20131030/sdk/platforms/android-19/android.jar 
java_command: com.huevision.threads.HueWriter
Launcher Type: SUN_STANDARD

Environment Variables:
PATH=/usr/lib/lightdm/lightdm:/usr/local/sbin:/usr/local/bin:/usr/sbin:/usr/bin:/sbin:/bin:/usr/games:/usr/local/games:/home/nitin/Development/adt-bundle-linux-x86_64-20131030/eclipse:/home/nitin/Development/go/bin
SHELL=/bin/bash
DISPLAY=:0.0

Signal Handlers:
SIGSEGV: [libjvm.so+0x84f410], sa_mask[0]=0x7ffbfeff, sa_flags=0x10000004
SIGBUS: [libjvm.so+0x84f410], sa_mask[0]=0x7ffbfeff, sa_flags=0x10000004
SIGFPE: [libjvm.so+0x6f19a0], sa_mask[0]=0x7ffbfeff, sa_flags=0x10000004
SIGPIPE: [libjvm.so+0x6f19a0], sa_mask[0]=0x7ffbfeff, sa_flags=0x10000004
SIGXFSZ: [libjvm.so+0x6f19a0], sa_mask[0]=0x7ffbfeff, sa_flags=0x10000004
SIGILL: [libjvm.so+0x6f19a0], sa_mask[0]=0x7ffbfeff, sa_flags=0x10000004
SIGUSR1: SIG_DFL, sa_mask[0]=0x00000000, sa_flags=0x00000000
SIGUSR2: [libjvm.so+0x6f1d70], sa_mask[0]=0x00000004, sa_flags=0x10000004
SIGHUP: SIG_DFL, sa_mask[0]=0x00000000, sa_flags=0x00000000
SIGINT: SIG_DFL, sa_mask[0]=0x00000000, sa_flags=0x00000000
SIGTERM: SIG_DFL, sa_mask[0]=0x00000000, sa_flags=0x00000000
SIGQUIT: SIG_DFL, sa_mask[0]=0x00000000, sa_flags=0x00000000


---------------  S Y S T E M  ---------------

OS:Ubuntu 13.04 (raring)
uname:Linux 3.8.0-35-generic #50-Ubuntu SMP Tue Dec 3 01:24:59 UTC 2013 x86_64
libc:glibc 2.17 NPTL 2.17 
rlimit: STACK 8192k, CORE 0k, NPROC 46438, NOFILE 4096, AS infinity
load average:1.66 1.21 1.00

/proc/meminfo:
MemTotal:        5963304 kB
MemFree:          146664 kB
Buffers:           50620 kB
Cached:          1224868 kB
SwapCached:       123504 kB
Active:          4061076 kB
Inactive:        1465236 kB
Active(anon):    3774408 kB
Inactive(anon):  1176820 kB
Active(file):     286668 kB
Inactive(file):   288416 kB
Unevictable:          80 kB
Mlocked:              80 kB
SwapTotal:       6138876 kB
SwapFree:        4420660 kB
Dirty:                32 kB
Writeback:             0 kB
AnonPages:       4165224 kB
Mapped:           357992 kB
Shmem:            700548 kB
Slab:             111272 kB
SReclaimable:      58556 kB
SUnreclaim:        52716 kB
KernelStack:        6928 kB
PageTables:        88324 kB
NFS_Unstable:          0 kB
Bounce:                0 kB
WritebackTmp:          0 kB
CommitLimit:     9120528 kB
Committed_AS:   20491876 kB
VmallocTotal:   34359738367 kB
VmallocUsed:      552400 kB
VmallocChunk:   34359182256 kB
HardwareCorrupted:     0 kB
AnonHugePages:         0 kB
HugePages_Total:       0
HugePages_Free:        0
HugePages_Rsvd:        0
HugePages_Surp:        0
Hugepagesize:       2048 kB
DirectMap4k:       79872 kB
DirectMap2M:     6062080 kB


CPU:total 4 (2 cores per cpu, 2 threads per core) family 6 model 42 stepping 7, cmov, cx8, fxsr, mmx, sse, sse2, sse3, ssse3, sse4.1, sse4.2, popcnt, avx, ht, tsc, tscinvbit

/proc/cpuinfo:
processor	: 0
vendor_id	: GenuineIntel
cpu family	: 6
model		: 42
model name	: Intel(R) Core(TM) i5-2410M CPU @ 2.30GHz
stepping	: 7
microcode	: 0x14
cpu MHz		: 2300.000
cache size	: 3072 KB
physical id	: 0
siblings	: 4
core id		: 0
cpu cores	: 2
apicid		: 0
initial apicid	: 0
fpu		: yes
fpu_exception	: yes
cpuid level	: 13
wp		: yes
flags		: fpu vme de pse tsc msr pae mce cx8 apic sep mtrr pge mca cmov pat pse36 clflush dts acpi mmx fxsr sse sse2 ss ht tm pbe syscall nx rdtscp lm constant_tsc arch_perfmon pebs bts rep_good nopl xtopology nonstop_tsc aperfmperf eagerfpu pni pclmulqdq dtes64 monitor ds_cpl vmx est tm2 ssse3 cx16 xtpr pdcm pcid sse4_1 sse4_2 x2apic popcnt tsc_deadline_timer xsave avx lahf_lm ida arat epb xsaveopt pln pts dtherm tpr_shadow vnmi flexpriority ept vpid
bogomips	: 4589.33
clflush size	: 64
cache_alignment	: 64
address sizes	: 36 bits physical, 48 bits virtual
power management:

processor	: 1
vendor_id	: GenuineIntel
cpu family	: 6
model		: 42
model name	: Intel(R) Core(TM) i5-2410M CPU @ 2.30GHz
stepping	: 7
microcode	: 0x14
cpu MHz		: 2301.000
cache size	: 3072 KB
physical id	: 0
siblings	: 4
core id		: 0
cpu cores	: 2
apicid		: 1
initial apicid	: 1
fpu		: yes
fpu_exception	: yes
cpuid level	: 13
wp		: yes
flags		: fpu vme de pse tsc msr pae mce cx8 apic sep mtrr pge mca cmov pat pse36 clflush dts acpi mmx fxsr sse sse2 ss ht tm pbe syscall nx rdtscp lm constant_tsc arch_perfmon pebs bts rep_good nopl xtopology nonstop_tsc aperfmperf eagerfpu pni pclmulqdq dtes64 monitor ds_cpl vmx est tm2 ssse3 cx16 xtpr pdcm pcid sse4_1 sse4_2 x2apic popcnt tsc_deadline_timer xsave avx lahf_lm ida arat epb xsaveopt pln pts dtherm tpr_shadow vnmi flexpriority ept vpid
bogomips	: 4589.33
clflush size	: 64
cache_alignment	: 64
address sizes	: 36 bits physical, 48 bits virtual
power management:

processor	: 2
vendor_id	: GenuineIntel
cpu family	: 6
model		: 42
model name	: Intel(R) Core(TM) i5-2410M CPU @ 2.30GHz
stepping	: 7
microcode	: 0x14
cpu MHz		: 2301.000
cache size	: 3072 KB
physical id	: 0
siblings	: 4
core id		: 1
cpu cores	: 2
apicid		: 2
initial apicid	: 2
fpu		: yes
fpu_exception	: yes
cpuid level	: 13
wp		: yes
flags		: fpu vme de pse tsc msr pae mce cx8 apic sep mtrr pge mca cmov pat pse36 clflush dts acpi mmx fxsr sse sse2 ss ht tm pbe syscall nx rdtscp lm constant_tsc arch_perfmon pebs bts rep_good nopl xtopology nonstop_tsc aperfmperf eagerfpu pni pclmulqdq dtes64 monitor ds_cpl vmx est tm2 ssse3 cx16 xtpr pdcm pcid sse4_1 sse4_2 x2apic popcnt tsc_deadline_timer xsave avx lahf_lm ida arat epb xsaveopt pln pts dtherm tpr_shadow vnmi flexpriority ept vpid
bogomips	: 4589.33
clflush size	: 64
cache_alignment	: 64
address sizes	: 36 bits physical, 48 bits virtual
power management:

processor	: 3
vendor_id	: GenuineIntel
cpu family	: 6
model		: 42
model name	: Intel(R) Core(TM) i5-2410M CPU @ 2.30GHz
stepping	: 7
microcode	: 0x14
cpu MHz		: 2301.000
cache size	: 3072 KB
physical id	: 0
siblings	: 4
core id		: 1
cpu cores	: 2
apicid		: 3
initial apicid	: 3
fpu		: yes
fpu_exception	: yes
cpuid level	: 13
wp		: yes
flags		: fpu vme de pse tsc msr pae mce cx8 apic sep mtrr pge mca cmov pat pse36 clflush dts acpi mmx fxsr sse sse2 ss ht tm pbe syscall nx rdtscp lm constant_tsc arch_perfmon pebs bts rep_good nopl xtopology nonstop_tsc aperfmperf eagerfpu pni pclmulqdq dtes64 monitor ds_cpl vmx est tm2 ssse3 cx16 xtpr pdcm pcid sse4_1 sse4_2 x2apic popcnt tsc_deadline_timer xsave avx lahf_lm ida arat epb xsaveopt pln pts dtherm tpr_shadow vnmi flexpriority ept vpid
bogomips	: 4589.33
clflush size	: 64
cache_alignment	: 64
address sizes	: 36 bits physical, 48 bits virtual
power management:



Memory: 4k page, physical 5963304k(146664k free), swap 6138876k(4420660k free)

vm_info: OpenJDK 64-Bit Server VM (23.7-b01) for linux-amd64 JRE (1.7.0_25-b30), built on Jul  3 2013 13:50:39 by "buildd" with gcc 4.7.3

time: Sat Feb 15 21:42:54 2014
elapsed time: 0 seconds

