#
# A fatal error has been detected by the Java Runtime Environment:
#
#  Internal Error (javaClasses.cpp:129), pid=23910, tid=140331197990656
#  fatal error: Invalid layout of preloaded class
#
# JRE version: 7.0_25-b30
# Java VM: OpenJDK 64-Bit Server VM (23.7-b01 mixed mode linux-amd64 compressed oops)
# Failed to write core dump. Core dumps have been disabled. To enable core dumping, try "ulimit -c unlimited" before starting Java again
#
# If you would like to submit a bug report, please include
# instructions on how to reproduce the bug and visit:
#   https://bugs.launchpad.net/ubuntu/+source/openjdk-7/
#

---------------  T H R E A D  ---------------

Current thread (0x00007fa160009000):  JavaThread "Unknown thread" [_thread_in_vm, id=23912, stack(0x00007fa167250000,0x00007fa167351000)]

Stack: [0x00007fa167250000,0x00007fa167351000],  sp=0x00007fa16734f9a0,  free space=1022k
Native frames: (J=compiled Java code, j=interpreted, Vv=VM code, C=native code)
V  [libjvm.so+0x84e92b]  VMError::report_and_die()+0x16b
V  [libjvm.so+0x3ebd57]  report_fatal(char const*, int, char const*)+0x57
V  [libjvm.so+0x528efa]  compute_offset(int&, klassOopDesc*, Symbol*, Symbol*, bool) [clone .constprop.123]+0x11a
V  [libjvm.so+0x529166]  java_lang_String::compute_offsets()+0x36
V  [libjvm.so+0x7dcf8d]  SystemDictionary::initialize_preloaded_classes(Thread*)+0x3d
V  [libjvm.so+0x829288]  Universe::genesis(Thread*)+0x468
V  [libjvm.so+0x82973f]  universe2_init()+0x1f
V  [libjvm.so+0x4dde1a]  init_globals()+0x9a
V  [libjvm.so+0x80d26c]  Threads::create_vm(JavaVMInitArgs*, bool*)+0x39c
V  [libjvm.so+0x545278]  JNI_CreateJavaVM+0x58
C  [libjli.so+0x2b34]  __strcat_chk+0x2b34


---------------  P R O C E S S  ---------------

Java Threads: ( => current thread )

Other Threads:

=>0x00007fa160009000 (exited) JavaThread "Unknown thread" [_thread_in_vm, id=23912, stack(0x00007fa167250000,0x00007fa167351000)]

VM state:not at safepoint (not fully initialized)

VM Mutex/Monitor currently owned by a thread: None

GC Heap History (0 events):
No events

Deoptimization events (0 events):
No events

Internal exceptions (0 events):
No events

Events (10 events):
Event: 0.009 loading class 0x00007fa16002b0b0 done
Event: 0.009 loading class 0x00007fa16002a950 done
Event: 0.009 loading class 0x00007fa16002a920
Event: 0.009 loading class 0x00007fa160056170
Event: 0.009 loading class 0x00007fa160056170 done
Event: 0.009 loading class 0x00007fa1600561b0
Event: 0.009 loading class 0x00007fa1600561b0 done
Event: 0.009 loading class 0x00007fa1600561f0
Event: 0.009 loading class 0x00007fa1600561f0 done
Event: 0.009 loading class 0x00007fa16002a920 done


Dynamic libraries:
00400000-00401000 r-xp 00000000 08:05 22667                              /usr/lib/jvm/java-7-openjdk-amd64/jre/bin/java
00600000-00601000 r--p 00000000 08:05 22667                              /usr/lib/jvm/java-7-openjdk-amd64/jre/bin/java
00601000-00602000 rw-p 00001000 08:05 22667                              /usr/lib/jvm/java-7-openjdk-amd64/jre/bin/java
0060e000-0062f000 rw-p 00000000 00:00 0                                  [heap]
9aa00000-9bec0000 rw-p 00000000 00:00 0 
9bec0000-a5000000 rw-p 00000000 00:00 0 
a5000000-a8cb0000 rw-p 00000000 00:00 0 
a8cb0000-e1ab0000 rw-p 00000000 00:00 0 
e1ab0000-e3900000 rw-p 00000000 00:00 0 
e3900000-100000000 rw-p 00000000 00:00 0 
7fa140000000-7fa140021000 rw-p 00000000 00:00 0 
7fa140021000-7fa144000000 ---p 00000000 00:00 0 
7fa148000000-7fa148021000 rw-p 00000000 00:00 0 
7fa148021000-7fa14c000000 ---p 00000000 00:00 0 
7fa150000000-7fa150021000 rw-p 00000000 00:00 0 
7fa150021000-7fa154000000 ---p 00000000 00:00 0 
7fa1540a4000-7fa158000000 rw-p 00000000 00:00 0 
7fa158000000-7fa158021000 rw-p 00000000 00:00 0 
7fa158021000-7fa15c000000 ---p 00000000 00:00 0 
7fa15c32f000-7fa15c575000 rw-p 00000000 00:00 0 
7fa15c575000-7fa15c64c000 r--s 013f2000 08:05 2103384                    /home/nitin/Development/adt-bundle-linux-x86_64-20131030/sdk/platforms/android-19/android.jar
7fa15c64c000-7fa15c674000 rw-p 00000000 00:00 0 
7fa15c674000-7fa15c675000 ---p 00000000 00:00 0 
7fa15c675000-7fa15c775000 rw-p 00000000 00:00 0                          [stack:23918]
7fa15c775000-7fa15c776000 ---p 00000000 00:00 0 
7fa15c776000-7fa15c876000 rw-p 00000000 00:00 0                          [stack:23916]
7fa15c876000-7fa15c877000 ---p 00000000 00:00 0 
7fa15c877000-7fa15c977000 rw-p 00000000 00:00 0                          [stack:23914]
7fa15c977000-7fa15c978000 ---p 00000000 00:00 0 
7fa15c978000-7fa15ca83000 rw-p 00000000 00:00 0                          [stack:23913]
7fa15ca83000-7fa15cacb000 rw-p 00000000 00:00 0 
7fa15cacb000-7fa15cad6000 rw-p 00000000 00:00 0 
7fa15cad6000-7fa15cb1e000 rw-p 00000000 00:00 0 
7fa15cb1e000-7fa15cb3d000 rw-p 00000000 00:00 0 
7fa15cb3d000-7fa15cd03000 rw-p 00000000 00:00 0 
7fa15cd03000-7fa15cd13000 rw-p 00000000 00:00 0 
7fa15cd13000-7fa15cdf6000 rw-p 00000000 00:00 0 
7fa15cdf6000-7fa15cdf7000 rw-p 00000000 00:00 0 
7fa15cdf7000-7fa15d067000 rwxp 00000000 00:00 0 
7fa15d067000-7fa15fdf7000 rw-p 00000000 00:00 0 
7fa15fdf7000-7fa15fdff000 r-xp 00000000 08:05 22665                      /usr/lib/jvm/java-7-openjdk-amd64/jre/lib/amd64/libzip.so
7fa15fdff000-7fa15fffe000 ---p 00008000 08:05 22665                      /usr/lib/jvm/java-7-openjdk-amd64/jre/lib/amd64/libzip.so
7fa15fffe000-7fa15ffff000 r--p 00007000 08:05 22665                      /usr/lib/jvm/java-7-openjdk-amd64/jre/lib/amd64/libzip.so
7fa15ffff000-7fa160000000 rw-p 00008000 08:05 22665                      /usr/lib/jvm/java-7-openjdk-amd64/jre/lib/amd64/libzip.so
7fa160000000-7fa160061000 rw-p 00000000 00:00 0 
7fa160061000-7fa164000000 ---p 00000000 00:00 0 
7fa164001000-7fa164020000 rw-p 00000000 00:00 0 
7fa164020000-7fa1641e7000 rw-p 00000000 00:00 0 
7fa1641e7000-7fa1641f3000 r-xp 00000000 08:05 265900                     /lib/x86_64-linux-gnu/libnss_files-2.17.so
7fa1641f3000-7fa1643f2000 ---p 0000c000 08:05 265900                     /lib/x86_64-linux-gnu/libnss_files-2.17.so
7fa1643f2000-7fa1643f3000 r--p 0000b000 08:05 265900                     /lib/x86_64-linux-gnu/libnss_files-2.17.so
7fa1643f3000-7fa1643f4000 rw-p 0000c000 08:05 265900                     /lib/x86_64-linux-gnu/libnss_files-2.17.so
7fa1643f4000-7fa1643ff000 r-xp 00000000 08:05 272094                     /lib/x86_64-linux-gnu/libnss_nis-2.17.so
7fa1643ff000-7fa1645fe000 ---p 0000b000 08:05 272094                     /lib/x86_64-linux-gnu/libnss_nis-2.17.so
7fa1645fe000-7fa1645ff000 r--p 0000a000 08:05 272094                     /lib/x86_64-linux-gnu/libnss_nis-2.17.so
7fa1645ff000-7fa164600000 rw-p 0000b000 08:05 272094                     /lib/x86_64-linux-gnu/libnss_nis-2.17.so
7fa164600000-7fa164617000 r-xp 00000000 08:05 262976                     /lib/x86_64-linux-gnu/libnsl-2.17.so
7fa164617000-7fa164816000 ---p 00017000 08:05 262976                     /lib/x86_64-linux-gnu/libnsl-2.17.so
7fa164816000-7fa164817000 r--p 00016000 08:05 262976                     /lib/x86_64-linux-gnu/libnsl-2.17.so
7fa164817000-7fa164818000 rw-p 00017000 08:05 262976                     /lib/x86_64-linux-gnu/libnsl-2.17.so
7fa164818000-7fa16481a000 rw-p 00000000 00:00 0 
7fa16481a000-7fa164822000 r-xp 00000000 08:05 272096                     /lib/x86_64-linux-gnu/libnss_compat-2.17.so
7fa164822000-7fa164a21000 ---p 00008000 08:05 272096                     /lib/x86_64-linux-gnu/libnss_compat-2.17.so
7fa164a21000-7fa164a22000 r--p 00007000 08:05 272096                     /lib/x86_64-linux-gnu/libnss_compat-2.17.so
7fa164a22000-7fa164a23000 rw-p 00008000 08:05 272096                     /lib/x86_64-linux-gnu/libnss_compat-2.17.so
7fa164a23000-7fa164a4e000 r-xp 00000000 08:05 22649                      /usr/lib/jvm/java-7-openjdk-amd64/jre/lib/amd64/libjava.so
7fa164a4e000-7fa164c4d000 ---p 0002b000 08:05 22649                      /usr/lib/jvm/java-7-openjdk-amd64/jre/lib/amd64/libjava.so
7fa164c4d000-7fa164c4e000 r--p 0002a000 08:05 22649                      /usr/lib/jvm/java-7-openjdk-amd64/jre/lib/amd64/libjava.so
7fa164c4e000-7fa164c50000 rw-p 0002b000 08:05 22649                      /usr/lib/jvm/java-7-openjdk-amd64/jre/lib/amd64/libjava.so
7fa164c50000-7fa164c5f000 r-xp 00000000 08:05 22648                      /usr/lib/jvm/java-7-openjdk-amd64/jre/lib/amd64/libverify.so
7fa164c5f000-7fa164e5e000 ---p 0000f000 08:05 22648                      /usr/lib/jvm/java-7-openjdk-amd64/jre/lib/amd64/libverify.so
7fa164e5e000-7fa164e60000 r--p 0000e000 08:05 22648                      /usr/lib/jvm/java-7-openjdk-amd64/jre/lib/amd64/libverify.so
7fa164e60000-7fa164e61000 rw-p 00010000 08:05 22648                      /usr/lib/jvm/java-7-openjdk-amd64/jre/lib/amd64/libverify.so
7fa164e61000-7fa164e68000 r-xp 00000000 08:05 270962                     /lib/x86_64-linux-gnu/librt-2.17.so
7fa164e68000-7fa165067000 ---p 00007000 08:05 270962                     /lib/x86_64-linux-gnu/librt-2.17.so
7fa165067000-7fa165068000 r--p 00006000 08:05 270962                     /lib/x86_64-linux-gnu/librt-2.17.so
7fa165068000-7fa165069000 rw-p 00007000 08:05 270962                     /lib/x86_64-linux-gnu/librt-2.17.so
7fa165069000-7fa16507d000 r-xp 00000000 08:05 265957                     /lib/x86_64-linux-gnu/libgcc_s.so.1
7fa16507d000-7fa16527d000 ---p 00014000 08:05 265957                     /lib/x86_64-linux-gnu/libgcc_s.so.1
7fa16527d000-7fa16527e000 r--p 00014000 08:05 265957                     /lib/x86_64-linux-gnu/libgcc_s.so.1
7fa16527e000-7fa16527f000 rw-p 00015000 08:05 265957                     /lib/x86_64-linux-gnu/libgcc_s.so.1
7fa16527f000-7fa165382000 r-xp 00000000 08:05 272095                     /lib/x86_64-linux-gnu/libm-2.17.so
7fa165382000-7fa165582000 ---p 00103000 08:05 272095                     /lib/x86_64-linux-gnu/libm-2.17.so
7fa165582000-7fa165583000 r--p 00103000 08:05 272095                     /lib/x86_64-linux-gnu/libm-2.17.so
7fa165583000-7fa165584000 rw-p 00104000 08:05 272095                     /lib/x86_64-linux-gnu/libm-2.17.so
7fa165584000-7fa165669000 r-xp 00000000 08:05 12838                      /usr/lib/x86_64-linux-gnu/libstdc++.so.6.0.17
7fa165669000-7fa165868000 ---p 000e5000 08:05 12838                      /usr/lib/x86_64-linux-gnu/libstdc++.so.6.0.17
7fa165868000-7fa165870000 r--p 000e4000 08:05 12838                      /usr/lib/x86_64-linux-gnu/libstdc++.so.6.0.17
7fa165870000-7fa165872000 rw-p 000ec000 08:05 12838                      /usr/lib/x86_64-linux-gnu/libstdc++.so.6.0.17
7fa165872000-7fa165887000 rw-p 00000000 00:00 0 
7fa165887000-7fa166277000 r-xp 00000000 08:05 22654                      /usr/lib/jvm/java-7-openjdk-amd64/jre/lib/amd64/server/libjvm.so
7fa166277000-7fa166476000 ---p 009f0000 08:05 22654                      /usr/lib/jvm/java-7-openjdk-amd64/jre/lib/amd64/server/libjvm.so
7fa166476000-7fa1664f5000 r--p 009ef000 08:05 22654                      /usr/lib/jvm/java-7-openjdk-amd64/jre/lib/amd64/server/libjvm.so
7fa1664f5000-7fa166518000 rw-p 00a6e000 08:05 22654                      /usr/lib/jvm/java-7-openjdk-amd64/jre/lib/amd64/server/libjvm.so
7fa166518000-7fa166543000 rw-p 00000000 00:00 0 
7fa166543000-7fa166559000 r-xp 00000000 08:05 266085                     /lib/x86_64-linux-gnu/libz.so.1.2.7
7fa166559000-7fa166758000 ---p 00016000 08:05 266085                     /lib/x86_64-linux-gnu/libz.so.1.2.7
7fa166758000-7fa166759000 r--p 00015000 08:05 266085                     /lib/x86_64-linux-gnu/libz.so.1.2.7
7fa166759000-7fa16675a000 rw-p 00016000 08:05 266085                     /lib/x86_64-linux-gnu/libz.so.1.2.7
7fa16675a000-7fa166772000 r-xp 00000000 08:05 262977                     /lib/x86_64-linux-gnu/libpthread-2.17.so
7fa166772000-7fa166971000 ---p 00018000 08:05 262977                     /lib/x86_64-linux-gnu/libpthread-2.17.so
7fa166971000-7fa166972000 r--p 00017000 08:05 262977                     /lib/x86_64-linux-gnu/libpthread-2.17.so
7fa166972000-7fa166973000 rw-p 00018000 08:05 262977                     /lib/x86_64-linux-gnu/libpthread-2.17.so
7fa166973000-7fa166977000 rw-p 00000000 00:00 0 
7fa166977000-7fa16697a000 r-xp 00000000 08:05 265860                     /lib/x86_64-linux-gnu/libdl-2.17.so
7fa16697a000-7fa166b79000 ---p 00003000 08:05 265860                     /lib/x86_64-linux-gnu/libdl-2.17.so
7fa166b79000-7fa166b7a000 r--p 00002000 08:05 265860                     /lib/x86_64-linux-gnu/libdl-2.17.so
7fa166b7a000-7fa166b7b000 rw-p 00003000 08:05 265860                     /lib/x86_64-linux-gnu/libdl-2.17.so
7fa166b7b000-7fa166d3a000 r-xp 00000000 08:05 272098                     /lib/x86_64-linux-gnu/libc-2.17.so
7fa166d3a000-7fa166f39000 ---p 001bf000 08:05 272098                     /lib/x86_64-linux-gnu/libc-2.17.so
7fa166f39000-7fa166f3d000 r--p 001be000 08:05 272098                     /lib/x86_64-linux-gnu/libc-2.17.so
7fa166f3d000-7fa166f3f000 rw-p 001c2000 08:05 272098                     /lib/x86_64-linux-gnu/libc-2.17.so
7fa166f3f000-7fa166f44000 rw-p 00000000 00:00 0 
7fa166f44000-7fa166f51000 r-xp 00000000 08:05 22631                      /usr/lib/jvm/java-7-openjdk-amd64/jre/lib/amd64/jli/libjli.so
7fa166f51000-7fa167150000 ---p 0000d000 08:05 22631                      /usr/lib/jvm/java-7-openjdk-amd64/jre/lib/amd64/jli/libjli.so
7fa167150000-7fa167151000 r--p 0000c000 08:05 22631                      /usr/lib/jvm/java-7-openjdk-amd64/jre/lib/amd64/jli/libjli.so
7fa167151000-7fa167152000 rw-p 0000d000 08:05 22631                      /usr/lib/jvm/java-7-openjdk-amd64/jre/lib/amd64/jli/libjli.so
7fa167152000-7fa167175000 r-xp 00000000 08:05 262968                     /lib/x86_64-linux-gnu/ld-2.17.so
7fa167190000-7fa16719a000 rw-p 00000000 00:00 0 
7fa16719a000-7fa167250000 rw-p 00000000 00:00 0 
7fa167250000-7fa167253000 ---p 00000000 00:00 0 
7fa167253000-7fa167356000 rw-p 00000000 00:00 0                          [stack:23912]
7fa167366000-7fa167368000 rw-p 00000000 00:00 0 
7fa167368000-7fa167370000 rw-s 00000000 08:05 3029795                    /tmp/hsperfdata_nitin/23910
7fa167370000-7fa167371000 rw-p 00000000 00:00 0 
7fa167371000-7fa167372000 r--p 00000000 00:00 0 
7fa167372000-7fa167374000 rw-p 00000000 00:00 0 
7fa167374000-7fa167375000 r--p 00022000 08:05 262968                     /lib/x86_64-linux-gnu/ld-2.17.so
7fa167375000-7fa167377000 rw-p 00023000 08:05 262968                     /lib/x86_64-linux-gnu/ld-2.17.so
7ffff6461000-7ffff6482000 rw-p 00000000 00:00 0                          [stack]
7ffff6562000-7ffff6564000 r-xp 00000000 00:00 0                          [vdso]
ffffffffff600000-ffffffffff601000 r-xp 00000000 00:00 0                  [vsyscall]

VM Arguments:
jvm_args: -Dfile.encoding=UTF-8 -Xbootclasspath:/home/nitin/Development/adt-bundle-linux-x86_64-20131030/sdk/platforms/android-19/android.jar 
java_command: com.huevision.threads.HueWriter
Launcher Type: SUN_STANDARD

Environment Variables:
PATH=/usr/lib/lightdm/lightdm:/usr/local/sbin:/usr/local/bin:/usr/sbin:/usr/bin:/sbin:/bin:/usr/games:/usr/local/games:/home/nitin/Development/adt-bundle-linux-x86_64-20131030/eclipse:/home/nitin/Development/go/bin
SHELL=/bin/bash
DISPLAY=:0.0

Signal Handlers:
SIGSEGV: [libjvm.so+0x84f410], sa_mask[0]=0x7ffbfeff, sa_flags=0x10000004
SIGBUS: [libjvm.so+0x84f410], sa_mask[0]=0x7ffbfeff, sa_flags=0x10000004
SIGFPE: [libjvm.so+0x6f19a0], sa_mask[0]=0x7ffbfeff, sa_flags=0x10000004
SIGPIPE: [libjvm.so+0x6f19a0], sa_mask[0]=0x7ffbfeff, sa_flags=0x10000004
SIGXFSZ: [libjvm.so+0x6f19a0], sa_mask[0]=0x7ffbfeff, sa_flags=0x10000004
SIGILL: [libjvm.so+0x6f19a0], sa_mask[0]=0x7ffbfeff, sa_flags=0x10000004
SIGUSR1: SIG_DFL, sa_mask[0]=0x00000000, sa_flags=0x00000000
SIGUSR2: [libjvm.so+0x6f1d70], sa_mask[0]=0x00000004, sa_flags=0x10000004
SIGHUP: SIG_DFL, sa_mask[0]=0x00000000, sa_flags=0x00000000
SIGINT: SIG_DFL, sa_mask[0]=0x00000000, sa_flags=0x00000000
SIGTERM: SIG_DFL, sa_mask[0]=0x00000000, sa_flags=0x00000000
SIGQUIT: SIG_DFL, sa_mask[0]=0x00000000, sa_flags=0x00000000


---------------  S Y S T E M  ---------------

OS:Ubuntu 13.04 (raring)
uname:Linux 3.8.0-35-generic #50-Ubuntu SMP Tue Dec 3 01:24:59 UTC 2013 x86_64
libc:glibc 2.17 NPTL 2.17 
rlimit: STACK 8192k, CORE 0k, NPROC 46438, NOFILE 4096, AS infinity
load average:1.06 1.11 0.93

/proc/meminfo:
MemTotal:        5963304 kB
MemFree:          191160 kB
Buffers:           49284 kB
Cached:          1205164 kB
SwapCached:       123372 kB
Active:          4036116 kB
Inactive:        1445320 kB
Active(anon):    3749348 kB
Inactive(anon):  1158696 kB
Active(file):     286768 kB
Inactive(file):   286624 kB
Unevictable:          80 kB
Mlocked:              80 kB
SwapTotal:       6138876 kB
SwapFree:        4420408 kB
Dirty:               140 kB
Writeback:             0 kB
AnonPages:       4142108 kB
Mapped:           357292 kB
Shmem:            681056 kB
Slab:             110836 kB
SReclaimable:      58104 kB
SUnreclaim:        52732 kB
KernelStack:        6912 kB
PageTables:        88248 kB
NFS_Unstable:          0 kB
Bounce:                0 kB
WritebackTmp:          0 kB
CommitLimit:     9120528 kB
Committed_AS:   20468784 kB
VmallocTotal:   34359738367 kB
VmallocUsed:      552400 kB
VmallocChunk:   34359182256 kB
HardwareCorrupted:     0 kB
AnonHugePages:         0 kB
HugePages_Total:       0
HugePages_Free:        0
HugePages_Rsvd:        0
HugePages_Surp:        0
Hugepagesize:       2048 kB
DirectMap4k:       79872 kB
DirectMap2M:     6062080 kB


CPU:total 4 (2 cores per cpu, 2 threads per core) family 6 model 42 stepping 7, cmov, cx8, fxsr, mmx, sse, sse2, sse3, ssse3, sse4.1, sse4.2, popcnt, avx, ht, tsc, tscinvbit

/proc/cpuinfo:
processor	: 0
vendor_id	: GenuineIntel
cpu family	: 6
model		: 42
model name	: Intel(R) Core(TM) i5-2410M CPU @ 2.30GHz
stepping	: 7
microcode	: 0x14
cpu MHz		: 2301.000
cache size	: 3072 KB
physical id	: 0
siblings	: 4
core id		: 0
cpu cores	: 2
apicid		: 0
initial apicid	: 0
fpu		: yes
fpu_exception	: yes
cpuid level	: 13
wp		: yes
flags		: fpu vme de pse tsc msr pae mce cx8 apic sep mtrr pge mca cmov pat pse36 clflush dts acpi mmx fxsr sse sse2 ss ht tm pbe syscall nx rdtscp lm constant_tsc arch_perfmon pebs bts rep_good nopl xtopology nonstop_tsc aperfmperf eagerfpu pni pclmulqdq dtes64 monitor ds_cpl vmx est tm2 ssse3 cx16 xtpr pdcm pcid sse4_1 sse4_2 x2apic popcnt tsc_deadline_timer xsave avx lahf_lm ida arat epb xsaveopt pln pts dtherm tpr_shadow vnmi flexpriority ept vpid
bogomips	: 4589.33
clflush size	: 64
cache_alignment	: 64
address sizes	: 36 bits physical, 48 bits virtual
power management:

processor	: 1
vendor_id	: GenuineIntel
cpu family	: 6
model		: 42
model name	: Intel(R) Core(TM) i5-2410M CPU @ 2.30GHz
stepping	: 7
microcode	: 0x14
cpu MHz		: 2301.000
cache size	: 3072 KB
physical id	: 0
siblings	: 4
core id		: 0
cpu cores	: 2
apicid		: 1
initial apicid	: 1
fpu		: yes
fpu_exception	: yes
cpuid level	: 13
wp		: yes
flags		: fpu vme de pse tsc msr pae mce cx8 apic sep mtrr pge mca cmov pat pse36 clflush dts acpi mmx fxsr sse sse2 ss ht tm pbe syscall nx rdtscp lm constant_tsc arch_perfmon pebs bts rep_good nopl xtopology nonstop_tsc aperfmperf eagerfpu pni pclmulqdq dtes64 monitor ds_cpl vmx est tm2 ssse3 cx16 xtpr pdcm pcid sse4_1 sse4_2 x2apic popcnt tsc_deadline_timer xsave avx lahf_lm ida arat epb xsaveopt pln pts dtherm tpr_shadow vnmi flexpriority ept vpid
bogomips	: 4589.33
clflush size	: 64
cache_alignment	: 64
address sizes	: 36 bits physical, 48 bits virtual
power management:

processor	: 2
vendor_id	: GenuineIntel
cpu family	: 6
model		: 42
model name	: Intel(R) Core(TM) i5-2410M CPU @ 2.30GHz
stepping	: 7
microcode	: 0x14
cpu MHz		: 2301.000
cache size	: 3072 KB
physical id	: 0
siblings	: 4
core id		: 1
cpu cores	: 2
apicid		: 2
initial apicid	: 2
fpu		: yes
fpu_exception	: yes
cpuid level	: 13
wp		: yes
flags		: fpu vme de pse tsc msr pae mce cx8 apic sep mtrr pge mca cmov pat pse36 clflush dts acpi mmx fxsr sse sse2 ss ht tm pbe syscall nx rdtscp lm constant_tsc arch_perfmon pebs bts rep_good nopl xtopology nonstop_tsc aperfmperf eagerfpu pni pclmulqdq dtes64 monitor ds_cpl vmx est tm2 ssse3 cx16 xtpr pdcm pcid sse4_1 sse4_2 x2apic popcnt tsc_deadline_timer xsave avx lahf_lm ida arat epb xsaveopt pln pts dtherm tpr_shadow vnmi flexpriority ept vpid
bogomips	: 4589.33
clflush size	: 64
cache_alignment	: 64
address sizes	: 36 bits physical, 48 bits virtual
power management:

processor	: 3
vendor_id	: GenuineIntel
cpu family	: 6
model		: 42
model name	: Intel(R) Core(TM) i5-2410M CPU @ 2.30GHz
stepping	: 7
microcode	: 0x14
cpu MHz		: 1400.000
cache size	: 3072 KB
physical id	: 0
siblings	: 4
core id		: 1
cpu cores	: 2
apicid		: 3
initial apicid	: 3
fpu		: yes
fpu_exception	: yes
cpuid level	: 13
wp		: yes
flags		: fpu vme de pse tsc msr pae mce cx8 apic sep mtrr pge mca cmov pat pse36 clflush dts acpi mmx fxsr sse sse2 ss ht tm pbe syscall nx rdtscp lm constant_tsc arch_perfmon pebs bts rep_good nopl xtopology nonstop_tsc aperfmperf eagerfpu pni pclmulqdq dtes64 monitor ds_cpl vmx est tm2 ssse3 cx16 xtpr pdcm pcid sse4_1 sse4_2 x2apic popcnt tsc_deadline_timer xsave avx lahf_lm ida arat epb xsaveopt pln pts dtherm tpr_shadow vnmi flexpriority ept vpid
bogomips	: 4589.33
clflush size	: 64
cache_alignment	: 64
address sizes	: 36 bits physical, 48 bits virtual
power management:



Memory: 4k page, physical 5963304k(191160k free), swap 6138876k(4420408k free)

vm_info: OpenJDK 64-Bit Server VM (23.7-b01) for linux-amd64 JRE (1.7.0_25-b30), built on Jul  3 2013 13:50:39 by "buildd" with gcc 4.7.3

time: Sat Feb 15 21:37:50 2014
elapsed time: 0 seconds

