#
# A fatal error has been detected by the Java Runtime Environment:
#
#  Internal Error (javaClasses.cpp:129), pid=4694, tid=139675040941824
#  fatal error: Invalid layout of preloaded class
#
# JRE version: 7.0_25-b30
# Java VM: OpenJDK 64-Bit Server VM (23.7-b01 mixed mode linux-amd64 compressed oops)
# Failed to write core dump. Core dumps have been disabled. To enable core dumping, try "ulimit -c unlimited" before starting Java again
#
# If you would like to submit a bug report, please include
# instructions on how to reproduce the bug and visit:
#   https://bugs.launchpad.net/ubuntu/+source/openjdk-7/
#

---------------  T H R E A D  ---------------

Current thread (0x00007f0898009000):  JavaThread "Unknown thread" [_thread_in_vm, id=4700, stack(0x00007f08a1230000,0x00007f08a1331000)]

Stack: [0x00007f08a1230000,0x00007f08a1331000],  sp=0x00007f08a132f9a0,  free space=1022k
Native frames: (J=compiled Java code, j=interpreted, Vv=VM code, C=native code)
V  [libjvm.so+0x84e92b]  VMError::report_and_die()+0x16b
V  [libjvm.so+0x3ebd57]  report_fatal(char const*, int, char const*)+0x57
V  [libjvm.so+0x528efa]  compute_offset(int&, klassOopDesc*, Symbol*, Symbol*, bool) [clone .constprop.123]+0x11a
V  [libjvm.so+0x529166]  java_lang_String::compute_offsets()+0x36
V  [libjvm.so+0x7dcf8d]  SystemDictionary::initialize_preloaded_classes(Thread*)+0x3d
V  [libjvm.so+0x829288]  Universe::genesis(Thread*)+0x468
V  [libjvm.so+0x82973f]  universe2_init()+0x1f
V  [libjvm.so+0x4dde1a]  init_globals()+0x9a
V  [libjvm.so+0x80d26c]  Threads::create_vm(JavaVMInitArgs*, bool*)+0x39c
V  [libjvm.so+0x545278]  JNI_CreateJavaVM+0x58
C  [libjli.so+0x2b34]  __strcat_chk+0x2b34


---------------  P R O C E S S  ---------------

Java Threads: ( => current thread )

Other Threads:

=>0x00007f0898009000 (exited) JavaThread "Unknown thread" [_thread_in_vm, id=4700, stack(0x00007f08a1230000,0x00007f08a1331000)]

VM state:not at safepoint (not fully initialized)

VM Mutex/Monitor currently owned by a thread: None

GC Heap History (0 events):
No events

Deoptimization events (0 events):
No events

Internal exceptions (0 events):
No events

Events (10 events):
Event: 0.007 loading class 0x00007f089802b0b0 done
Event: 0.007 loading class 0x00007f089802a950 done
Event: 0.007 loading class 0x00007f089802a920
Event: 0.007 loading class 0x00007f0898056170
Event: 0.007 loading class 0x00007f0898056170 done
Event: 0.007 loading class 0x00007f08980561b0
Event: 0.007 loading class 0x00007f08980561b0 done
Event: 0.007 loading class 0x00007f08980561f0
Event: 0.007 loading class 0x00007f08980561f0 done
Event: 0.007 loading class 0x00007f089802a920 done


Dynamic libraries:
00400000-00401000 r-xp 00000000 08:05 22667                              /usr/lib/jvm/java-7-openjdk-amd64/jre/bin/java
00600000-00601000 r--p 00000000 08:05 22667                              /usr/lib/jvm/java-7-openjdk-amd64/jre/bin/java
00601000-00602000 rw-p 00001000 08:05 22667                              /usr/lib/jvm/java-7-openjdk-amd64/jre/bin/java
00862000-00883000 rw-p 00000000 00:00 0                                  [heap]
9aa00000-9bec0000 rw-p 00000000 00:00 0 
9bec0000-a5000000 rw-p 00000000 00:00 0 
a5000000-a8cb0000 rw-p 00000000 00:00 0 
a8cb0000-e1ab0000 rw-p 00000000 00:00 0 
e1ab0000-e3900000 rw-p 00000000 00:00 0 
e3900000-100000000 rw-p 00000000 00:00 0 
7f0880000000-7f0880021000 rw-p 00000000 00:00 0 
7f0880021000-7f0884000000 ---p 00000000 00:00 0 
7f0884d50000-7f0888000000 rw-p 00000000 00:00 0 
7f0888000000-7f0888021000 rw-p 00000000 00:00 0 
7f0888021000-7f088c000000 ---p 00000000 00:00 0 
7f088c000000-7f088c021000 rw-p 00000000 00:00 0 
7f088c021000-7f0890000000 ---p 00000000 00:00 0 
7f0890000000-7f0890021000 rw-p 00000000 00:00 0 
7f0890021000-7f0894000000 ---p 00000000 00:00 0 
7f0895000000-7f0895270000 rwxp 00000000 00:00 0 
7f0895270000-7f0898061000 rw-p 00000000 00:00 0 
7f0898061000-7f089c000000 ---p 00000000 00:00 0 
7f089c664000-7f089c8aa000 rw-p 00000000 00:00 0 
7f089c8aa000-7f089c981000 r--s 013f2000 08:05 2103384                    /home/nitin/Development/adt-bundle-linux-x86_64-20131030/sdk/platforms/android-19/android.jar
7f089c981000-7f089d655000 rw-p 00000000 00:00 0 
7f089d655000-7f089d656000 ---p 00000000 00:00 0 
7f089d656000-7f089d756000 rw-p 00000000 00:00 0                          [stack:4704]
7f089d756000-7f089d757000 ---p 00000000 00:00 0 
7f089d757000-7f089d857000 rw-p 00000000 00:00 0                          [stack:4703]
7f089d857000-7f089d858000 ---p 00000000 00:00 0 
7f089d858000-7f089d958000 rw-p 00000000 00:00 0                          [stack:4702]
7f089d958000-7f089d959000 ---p 00000000 00:00 0 
7f089d959000-7f089da64000 rw-p 00000000 00:00 0                          [stack:4701]
7f089da64000-7f089daac000 rw-p 00000000 00:00 0 
7f089daac000-7f089dacb000 rw-p 00000000 00:00 0 
7f089dacb000-7f089dc92000 rw-p 00000000 00:00 0 
7f089dc92000-7f089dc9d000 rw-p 00000000 00:00 0 
7f089dc9d000-7f089dce5000 rw-p 00000000 00:00 0 
7f089dce5000-7f089dd04000 rw-p 00000000 00:00 0 
7f089dd04000-7f089deca000 rw-p 00000000 00:00 0 
7f089deca000-7f089deda000 rw-p 00000000 00:00 0 
7f089deda000-7f089dfbd000 rw-p 00000000 00:00 0 
7f089dfbd000-7f089dfbe000 rw-p 00000000 00:00 0 
7f089dfbe000-7f089dfc6000 r-xp 00000000 08:05 22665                      /usr/lib/jvm/java-7-openjdk-amd64/jre/lib/amd64/libzip.so
7f089dfc6000-7f089e1c5000 ---p 00008000 08:05 22665                      /usr/lib/jvm/java-7-openjdk-amd64/jre/lib/amd64/libzip.so
7f089e1c5000-7f089e1c6000 r--p 00007000 08:05 22665                      /usr/lib/jvm/java-7-openjdk-amd64/jre/lib/amd64/libzip.so
7f089e1c6000-7f089e1c7000 rw-p 00008000 08:05 22665                      /usr/lib/jvm/java-7-openjdk-amd64/jre/lib/amd64/libzip.so
7f089e1c7000-7f089e1d3000 r-xp 00000000 08:05 265900                     /lib/x86_64-linux-gnu/libnss_files-2.17.so
7f089e1d3000-7f089e3d2000 ---p 0000c000 08:05 265900                     /lib/x86_64-linux-gnu/libnss_files-2.17.so
7f089e3d2000-7f089e3d3000 r--p 0000b000 08:05 265900                     /lib/x86_64-linux-gnu/libnss_files-2.17.so
7f089e3d3000-7f089e3d4000 rw-p 0000c000 08:05 265900                     /lib/x86_64-linux-gnu/libnss_files-2.17.so
7f089e3d4000-7f089e3df000 r-xp 00000000 08:05 272094                     /lib/x86_64-linux-gnu/libnss_nis-2.17.so
7f089e3df000-7f089e5de000 ---p 0000b000 08:05 272094                     /lib/x86_64-linux-gnu/libnss_nis-2.17.so
7f089e5de000-7f089e5df000 r--p 0000a000 08:05 272094                     /lib/x86_64-linux-gnu/libnss_nis-2.17.so
7f089e5df000-7f089e5e0000 rw-p 0000b000 08:05 272094                     /lib/x86_64-linux-gnu/libnss_nis-2.17.so
7f089e5e0000-7f089e5f7000 r-xp 00000000 08:05 262976                     /lib/x86_64-linux-gnu/libnsl-2.17.so
7f089e5f7000-7f089e7f6000 ---p 00017000 08:05 262976                     /lib/x86_64-linux-gnu/libnsl-2.17.so
7f089e7f6000-7f089e7f7000 r--p 00016000 08:05 262976                     /lib/x86_64-linux-gnu/libnsl-2.17.so
7f089e7f7000-7f089e7f8000 rw-p 00017000 08:05 262976                     /lib/x86_64-linux-gnu/libnsl-2.17.so
7f089e7f8000-7f089e7fa000 rw-p 00000000 00:00 0 
7f089e7fa000-7f089e802000 r-xp 00000000 08:05 272096                     /lib/x86_64-linux-gnu/libnss_compat-2.17.so
7f089e802000-7f089ea01000 ---p 00008000 08:05 272096                     /lib/x86_64-linux-gnu/libnss_compat-2.17.so
7f089ea01000-7f089ea02000 r--p 00007000 08:05 272096                     /lib/x86_64-linux-gnu/libnss_compat-2.17.so
7f089ea02000-7f089ea03000 rw-p 00008000 08:05 272096                     /lib/x86_64-linux-gnu/libnss_compat-2.17.so
7f089ea03000-7f089ea2e000 r-xp 00000000 08:05 22649                      /usr/lib/jvm/java-7-openjdk-amd64/jre/lib/amd64/libjava.so
7f089ea2e000-7f089ec2d000 ---p 0002b000 08:05 22649                      /usr/lib/jvm/java-7-openjdk-amd64/jre/lib/amd64/libjava.so
7f089ec2d000-7f089ec2e000 r--p 0002a000 08:05 22649                      /usr/lib/jvm/java-7-openjdk-amd64/jre/lib/amd64/libjava.so
7f089ec2e000-7f089ec30000 rw-p 0002b000 08:05 22649                      /usr/lib/jvm/java-7-openjdk-amd64/jre/lib/amd64/libjava.so
7f089ec30000-7f089ec3f000 r-xp 00000000 08:05 22648                      /usr/lib/jvm/java-7-openjdk-amd64/jre/lib/amd64/libverify.so
7f089ec3f000-7f089ee3e000 ---p 0000f000 08:05 22648                      /usr/lib/jvm/java-7-openjdk-amd64/jre/lib/amd64/libverify.so
7f089ee3e000-7f089ee40000 r--p 0000e000 08:05 22648                      /usr/lib/jvm/java-7-openjdk-amd64/jre/lib/amd64/libverify.so
7f089ee40000-7f089ee41000 rw-p 00010000 08:05 22648                      /usr/lib/jvm/java-7-openjdk-amd64/jre/lib/amd64/libverify.so
7f089ee41000-7f089ee48000 r-xp 00000000 08:05 270962                     /lib/x86_64-linux-gnu/librt-2.17.so
7f089ee48000-7f089f047000 ---p 00007000 08:05 270962                     /lib/x86_64-linux-gnu/librt-2.17.so
7f089f047000-7f089f048000 r--p 00006000 08:05 270962                     /lib/x86_64-linux-gnu/librt-2.17.so
7f089f048000-7f089f049000 rw-p 00007000 08:05 270962                     /lib/x86_64-linux-gnu/librt-2.17.so
7f089f049000-7f089f05d000 r-xp 00000000 08:05 265957                     /lib/x86_64-linux-gnu/libgcc_s.so.1
7f089f05d000-7f089f25d000 ---p 00014000 08:05 265957                     /lib/x86_64-linux-gnu/libgcc_s.so.1
7f089f25d000-7f089f25e000 r--p 00014000 08:05 265957                     /lib/x86_64-linux-gnu/libgcc_s.so.1
7f089f25e000-7f089f25f000 rw-p 00015000 08:05 265957                     /lib/x86_64-linux-gnu/libgcc_s.so.1
7f089f25f000-7f089f362000 r-xp 00000000 08:05 272095                     /lib/x86_64-linux-gnu/libm-2.17.so
7f089f362000-7f089f562000 ---p 00103000 08:05 272095                     /lib/x86_64-linux-gnu/libm-2.17.so
7f089f562000-7f089f563000 r--p 00103000 08:05 272095                     /lib/x86_64-linux-gnu/libm-2.17.so
7f089f563000-7f089f564000 rw-p 00104000 08:05 272095                     /lib/x86_64-linux-gnu/libm-2.17.so
7f089f564000-7f089f649000 r-xp 00000000 08:05 12838                      /usr/lib/x86_64-linux-gnu/libstdc++.so.6.0.17
7f089f649000-7f089f848000 ---p 000e5000 08:05 12838                      /usr/lib/x86_64-linux-gnu/libstdc++.so.6.0.17
7f089f848000-7f089f850000 r--p 000e4000 08:05 12838                      /usr/lib/x86_64-linux-gnu/libstdc++.so.6.0.17
7f089f850000-7f089f852000 rw-p 000ec000 08:05 12838                      /usr/lib/x86_64-linux-gnu/libstdc++.so.6.0.17
7f089f852000-7f089f867000 rw-p 00000000 00:00 0 
7f089f867000-7f08a0257000 r-xp 00000000 08:05 22654                      /usr/lib/jvm/java-7-openjdk-amd64/jre/lib/amd64/server/libjvm.so
7f08a0257000-7f08a0456000 ---p 009f0000 08:05 22654                      /usr/lib/jvm/java-7-openjdk-amd64/jre/lib/amd64/server/libjvm.so
7f08a0456000-7f08a04d5000 r--p 009ef000 08:05 22654                      /usr/lib/jvm/java-7-openjdk-amd64/jre/lib/amd64/server/libjvm.so
7f08a04d5000-7f08a04f8000 rw-p 00a6e000 08:05 22654                      /usr/lib/jvm/java-7-openjdk-amd64/jre/lib/amd64/server/libjvm.so
7f08a04f8000-7f08a0523000 rw-p 00000000 00:00 0 
7f08a0523000-7f08a0539000 r-xp 00000000 08:05 266085                     /lib/x86_64-linux-gnu/libz.so.1.2.7
7f08a0539000-7f08a0738000 ---p 00016000 08:05 266085                     /lib/x86_64-linux-gnu/libz.so.1.2.7
7f08a0738000-7f08a0739000 r--p 00015000 08:05 266085                     /lib/x86_64-linux-gnu/libz.so.1.2.7
7f08a0739000-7f08a073a000 rw-p 00016000 08:05 266085                     /lib/x86_64-linux-gnu/libz.so.1.2.7
7f08a073a000-7f08a0752000 r-xp 00000000 08:05 262977                     /lib/x86_64-linux-gnu/libpthread-2.17.so
7f08a0752000-7f08a0951000 ---p 00018000 08:05 262977                     /lib/x86_64-linux-gnu/libpthread-2.17.so
7f08a0951000-7f08a0952000 r--p 00017000 08:05 262977                     /lib/x86_64-linux-gnu/libpthread-2.17.so
7f08a0952000-7f08a0953000 rw-p 00018000 08:05 262977                     /lib/x86_64-linux-gnu/libpthread-2.17.so
7f08a0953000-7f08a0957000 rw-p 00000000 00:00 0 
7f08a0957000-7f08a095a000 r-xp 00000000 08:05 265860                     /lib/x86_64-linux-gnu/libdl-2.17.so
7f08a095a000-7f08a0b59000 ---p 00003000 08:05 265860                     /lib/x86_64-linux-gnu/libdl-2.17.so
7f08a0b59000-7f08a0b5a000 r--p 00002000 08:05 265860                     /lib/x86_64-linux-gnu/libdl-2.17.so
7f08a0b5a000-7f08a0b5b000 rw-p 00003000 08:05 265860                     /lib/x86_64-linux-gnu/libdl-2.17.so
7f08a0b5b000-7f08a0d1a000 r-xp 00000000 08:05 272098                     /lib/x86_64-linux-gnu/libc-2.17.so
7f08a0d1a000-7f08a0f19000 ---p 001bf000 08:05 272098                     /lib/x86_64-linux-gnu/libc-2.17.so
7f08a0f19000-7f08a0f1d000 r--p 001be000 08:05 272098                     /lib/x86_64-linux-gnu/libc-2.17.so
7f08a0f1d000-7f08a0f1f000 rw-p 001c2000 08:05 272098                     /lib/x86_64-linux-gnu/libc-2.17.so
7f08a0f1f000-7f08a0f24000 rw-p 00000000 00:00 0 
7f08a0f24000-7f08a0f31000 r-xp 00000000 08:05 22631                      /usr/lib/jvm/java-7-openjdk-amd64/jre/lib/amd64/jli/libjli.so
7f08a0f31000-7f08a1130000 ---p 0000d000 08:05 22631                      /usr/lib/jvm/java-7-openjdk-amd64/jre/lib/amd64/jli/libjli.so
7f08a1130000-7f08a1131000 r--p 0000c000 08:05 22631                      /usr/lib/jvm/java-7-openjdk-amd64/jre/lib/amd64/jli/libjli.so
7f08a1131000-7f08a1132000 rw-p 0000d000 08:05 22631                      /usr/lib/jvm/java-7-openjdk-amd64/jre/lib/amd64/jli/libjli.so
7f08a1132000-7f08a1155000 r-xp 00000000 08:05 262968                     /lib/x86_64-linux-gnu/ld-2.17.so
7f08a1170000-7f08a117a000 rw-p 00000000 00:00 0 
7f08a117a000-7f08a1230000 rw-p 00000000 00:00 0 
7f08a1230000-7f08a1233000 ---p 00000000 00:00 0 
7f08a1233000-7f08a1336000 rw-p 00000000 00:00 0                          [stack:4700]
7f08a1346000-7f08a1348000 rw-p 00000000 00:00 0 
7f08a1348000-7f08a1350000 rw-s 00000000 08:05 3026707                    /tmp/hsperfdata_nitin/4694
7f08a1350000-7f08a1351000 rw-p 00000000 00:00 0 
7f08a1351000-7f08a1352000 r--p 00000000 00:00 0 
7f08a1352000-7f08a1354000 rw-p 00000000 00:00 0 
7f08a1354000-7f08a1355000 r--p 00022000 08:05 262968                     /lib/x86_64-linux-gnu/ld-2.17.so
7f08a1355000-7f08a1357000 rw-p 00023000 08:05 262968                     /lib/x86_64-linux-gnu/ld-2.17.so
7fffe54c9000-7fffe54ea000 rw-p 00000000 00:00 0                          [stack]
7fffe55fc000-7fffe55fe000 r-xp 00000000 00:00 0                          [vdso]
ffffffffff600000-ffffffffff601000 r-xp 00000000 00:00 0                  [vsyscall]

VM Arguments:
jvm_args: -Dfile.encoding=UTF-8 -Xbootclasspath:/home/nitin/Development/adt-bundle-linux-x86_64-20131030/sdk/platforms/android-19/android.jar 
java_command: com.huevision.threads.HueWriter
Launcher Type: SUN_STANDARD

Environment Variables:
PATH=/usr/lib/lightdm/lightdm:/usr/local/sbin:/usr/local/bin:/usr/sbin:/usr/bin:/sbin:/bin:/usr/games:/usr/local/games:/home/nitin/Development/adt-bundle-linux-x86_64-20131030/eclipse:/home/nitin/Development/go/bin
SHELL=/bin/bash
DISPLAY=:0.0

Signal Handlers:
SIGSEGV: [libjvm.so+0x84f410], sa_mask[0]=0x7ffbfeff, sa_flags=0x10000004
SIGBUS: [libjvm.so+0x84f410], sa_mask[0]=0x7ffbfeff, sa_flags=0x10000004
SIGFPE: [libjvm.so+0x6f19a0], sa_mask[0]=0x7ffbfeff, sa_flags=0x10000004
SIGPIPE: [libjvm.so+0x6f19a0], sa_mask[0]=0x7ffbfeff, sa_flags=0x10000004
SIGXFSZ: [libjvm.so+0x6f19a0], sa_mask[0]=0x7ffbfeff, sa_flags=0x10000004
SIGILL: [libjvm.so+0x6f19a0], sa_mask[0]=0x7ffbfeff, sa_flags=0x10000004
SIGUSR1: SIG_DFL, sa_mask[0]=0x00000000, sa_flags=0x00000000
SIGUSR2: [libjvm.so+0x6f1d70], sa_mask[0]=0x00000004, sa_flags=0x10000004
SIGHUP: SIG_DFL, sa_mask[0]=0x00000000, sa_flags=0x00000000
SIGINT: SIG_DFL, sa_mask[0]=0x00000000, sa_flags=0x00000000
SIGTERM: SIG_DFL, sa_mask[0]=0x00000000, sa_flags=0x00000000
SIGQUIT: SIG_DFL, sa_mask[0]=0x00000000, sa_flags=0x00000000


---------------  S Y S T E M  ---------------

OS:Ubuntu 13.04 (raring)
uname:Linux 3.8.0-35-generic #50-Ubuntu SMP Tue Dec 3 01:24:59 UTC 2013 x86_64
libc:glibc 2.17 NPTL 2.17 
rlimit: STACK 8192k, CORE 0k, NPROC 46438, NOFILE 4096, AS infinity
load average:0.48 0.49 0.47

/proc/meminfo:
MemTotal:        5963304 kB
MemFree:         2893332 kB
Buffers:          102144 kB
Cached:          1269732 kB
SwapCached:            0 kB
Active:          1806848 kB
Inactive:        1051608 kB
Active(anon):    1495560 kB
Inactive(anon):   385080 kB
Active(file):     311288 kB
Inactive(file):   666528 kB
Unevictable:          80 kB
Mlocked:              80 kB
SwapTotal:       6138876 kB
SwapFree:        6138876 kB
Dirty:                32 kB
Writeback:             0 kB
AnonPages:       1486896 kB
Mapped:           287464 kB
Shmem:            394064 kB
Slab:             101668 kB
SReclaimable:      70356 kB
SUnreclaim:        31312 kB
KernelStack:        4424 kB
PageTables:        36184 kB
NFS_Unstable:          0 kB
Bounce:                0 kB
WritebackTmp:          0 kB
CommitLimit:     9120528 kB
Committed_AS:    5471704 kB
VmallocTotal:   34359738367 kB
VmallocUsed:      552400 kB
VmallocChunk:   34359181276 kB
HardwareCorrupted:     0 kB
AnonHugePages:         0 kB
HugePages_Total:       0
HugePages_Free:        0
HugePages_Rsvd:        0
HugePages_Surp:        0
Hugepagesize:       2048 kB
DirectMap4k:       73728 kB
DirectMap2M:     6068224 kB


CPU:total 4 (2 cores per cpu, 2 threads per core) family 6 model 42 stepping 7, cmov, cx8, fxsr, mmx, sse, sse2, sse3, ssse3, sse4.1, sse4.2, popcnt, avx, ht, tsc, tscinvbit

/proc/cpuinfo:
processor	: 0
vendor_id	: GenuineIntel
cpu family	: 6
model		: 42
model name	: Intel(R) Core(TM) i5-2410M CPU @ 2.30GHz
stepping	: 7
microcode	: 0x14
cpu MHz		: 2300.000
cache size	: 3072 KB
physical id	: 0
siblings	: 4
core id		: 0
cpu cores	: 2
apicid		: 0
initial apicid	: 0
fpu		: yes
fpu_exception	: yes
cpuid level	: 13
wp		: yes
flags		: fpu vme de pse tsc msr pae mce cx8 apic sep mtrr pge mca cmov pat pse36 clflush dts acpi mmx fxsr sse sse2 ss ht tm pbe syscall nx rdtscp lm constant_tsc arch_perfmon pebs bts rep_good nopl xtopology nonstop_tsc aperfmperf eagerfpu pni pclmulqdq dtes64 monitor ds_cpl vmx est tm2 ssse3 cx16 xtpr pdcm pcid sse4_1 sse4_2 x2apic popcnt tsc_deadline_timer xsave avx lahf_lm ida arat epb xsaveopt pln pts dtherm tpr_shadow vnmi flexpriority ept vpid
bogomips	: 4589.68
clflush size	: 64
cache_alignment	: 64
address sizes	: 36 bits physical, 48 bits virtual
power management:

processor	: 1
vendor_id	: GenuineIntel
cpu family	: 6
model		: 42
model name	: Intel(R) Core(TM) i5-2410M CPU @ 2.30GHz
stepping	: 7
microcode	: 0x14
cpu MHz		: 2301.000
cache size	: 3072 KB
physical id	: 0
siblings	: 4
core id		: 0
cpu cores	: 2
apicid		: 1
initial apicid	: 1
fpu		: yes
fpu_exception	: yes
cpuid level	: 13
wp		: yes
flags		: fpu vme de pse tsc msr pae mce cx8 apic sep mtrr pge mca cmov pat pse36 clflush dts acpi mmx fxsr sse sse2 ss ht tm pbe syscall nx rdtscp lm constant_tsc arch_perfmon pebs bts rep_good nopl xtopology nonstop_tsc aperfmperf eagerfpu pni pclmulqdq dtes64 monitor ds_cpl vmx est tm2 ssse3 cx16 xtpr pdcm pcid sse4_1 sse4_2 x2apic popcnt tsc_deadline_timer xsave avx lahf_lm ida arat epb xsaveopt pln pts dtherm tpr_shadow vnmi flexpriority ept vpid
bogomips	: 4589.68
clflush size	: 64
cache_alignment	: 64
address sizes	: 36 bits physical, 48 bits virtual
power management:

processor	: 2
vendor_id	: GenuineIntel
cpu family	: 6
model		: 42
model name	: Intel(R) Core(TM) i5-2410M CPU @ 2.30GHz
stepping	: 7
microcode	: 0x14
cpu MHz		: 800.000
cache size	: 3072 KB
physical id	: 0
siblings	: 4
core id		: 1
cpu cores	: 2
apicid		: 2
initial apicid	: 2
fpu		: yes
fpu_exception	: yes
cpuid level	: 13
wp		: yes
flags		: fpu vme de pse tsc msr pae mce cx8 apic sep mtrr pge mca cmov pat pse36 clflush dts acpi mmx fxsr sse sse2 ss ht tm pbe syscall nx rdtscp lm constant_tsc arch_perfmon pebs bts rep_good nopl xtopology nonstop_tsc aperfmperf eagerfpu pni pclmulqdq dtes64 monitor ds_cpl vmx est tm2 ssse3 cx16 xtpr pdcm pcid sse4_1 sse4_2 x2apic popcnt tsc_deadline_timer xsave avx lahf_lm ida arat epb xsaveopt pln pts dtherm tpr_shadow vnmi flexpriority ept vpid
bogomips	: 4589.68
clflush size	: 64
cache_alignment	: 64
address sizes	: 36 bits physical, 48 bits virtual
power management:

processor	: 3
vendor_id	: GenuineIntel
cpu family	: 6
model		: 42
model name	: Intel(R) Core(TM) i5-2410M CPU @ 2.30GHz
stepping	: 7
microcode	: 0x14
cpu MHz		: 2301.000
cache size	: 3072 KB
physical id	: 0
siblings	: 4
core id		: 1
cpu cores	: 2
apicid		: 3
initial apicid	: 3
fpu		: yes
fpu_exception	: yes
cpuid level	: 13
wp		: yes
flags		: fpu vme de pse tsc msr pae mce cx8 apic sep mtrr pge mca cmov pat pse36 clflush dts acpi mmx fxsr sse sse2 ss ht tm pbe syscall nx rdtscp lm constant_tsc arch_perfmon pebs bts rep_good nopl xtopology nonstop_tsc aperfmperf eagerfpu pni pclmulqdq dtes64 monitor ds_cpl vmx est tm2 ssse3 cx16 xtpr pdcm pcid sse4_1 sse4_2 x2apic popcnt tsc_deadline_timer xsave avx lahf_lm ida arat epb xsaveopt pln pts dtherm tpr_shadow vnmi flexpriority ept vpid
bogomips	: 4589.68
clflush size	: 64
cache_alignment	: 64
address sizes	: 36 bits physical, 48 bits virtual
power management:



Memory: 4k page, physical 5963304k(2893332k free), swap 6138876k(6138876k free)

vm_info: OpenJDK 64-Bit Server VM (23.7-b01) for linux-amd64 JRE (1.7.0_25-b30), built on Jul  3 2013 13:50:39 by "buildd" with gcc 4.7.3

time: Sat Feb 15 23:38:32 2014
elapsed time: 0 seconds

