#
# A fatal error has been detected by the Java Runtime Environment:
#
#  Internal Error (javaClasses.cpp:129), pid=23771, tid=140602015115008
#  fatal error: Invalid layout of preloaded class
#
# JRE version: 7.0_25-b30
# Java VM: OpenJDK 64-Bit Server VM (23.7-b01 mixed mode linux-amd64 compressed oops)
# Failed to write core dump. Core dumps have been disabled. To enable core dumping, try "ulimit -c unlimited" before starting Java again
#
# If you would like to submit a bug report, please include
# instructions on how to reproduce the bug and visit:
#   https://bugs.launchpad.net/ubuntu/+source/openjdk-7/
#

---------------  T H R E A D  ---------------

Current thread (0x00007fe06c009000):  JavaThread "Unknown thread" [_thread_in_vm, id=23776, stack(0x00007fe0751a6000,0x00007fe0752a7000)]

Stack: [0x00007fe0751a6000,0x00007fe0752a7000],  sp=0x00007fe0752a59a0,  free space=1022k
Native frames: (J=compiled Java code, j=interpreted, Vv=VM code, C=native code)
V  [libjvm.so+0x84e92b]  VMError::report_and_die()+0x16b
V  [libjvm.so+0x3ebd57]  report_fatal(char const*, int, char const*)+0x57
V  [libjvm.so+0x528efa]  compute_offset(int&, klassOopDesc*, Symbol*, Symbol*, bool) [clone .constprop.123]+0x11a
V  [libjvm.so+0x529166]  java_lang_String::compute_offsets()+0x36
V  [libjvm.so+0x7dcf8d]  SystemDictionary::initialize_preloaded_classes(Thread*)+0x3d
V  [libjvm.so+0x829288]  Universe::genesis(Thread*)+0x468
V  [libjvm.so+0x82973f]  universe2_init()+0x1f
V  [libjvm.so+0x4dde1a]  init_globals()+0x9a
V  [libjvm.so+0x80d26c]  Threads::create_vm(JavaVMInitArgs*, bool*)+0x39c
V  [libjvm.so+0x545278]  JNI_CreateJavaVM+0x58
C  [libjli.so+0x2b34]  __strcat_chk+0x2b34


---------------  P R O C E S S  ---------------

Java Threads: ( => current thread )

Other Threads:

=>0x00007fe06c009000 (exited) JavaThread "Unknown thread" [_thread_in_vm, id=23776, stack(0x00007fe0751a6000,0x00007fe0752a7000)]

VM state:not at safepoint (not fully initialized)

VM Mutex/Monitor currently owned by a thread: None

GC Heap History (0 events):
No events

Deoptimization events (0 events):
No events

Internal exceptions (0 events):
No events

Events (10 events):
Event: 0.006 loading class 0x00007fe06c02b0b0 done
Event: 0.006 loading class 0x00007fe06c02a950 done
Event: 0.006 loading class 0x00007fe06c02a920
Event: 0.007 loading class 0x00007fe06c056170
Event: 0.007 loading class 0x00007fe06c056170 done
Event: 0.007 loading class 0x00007fe06c0561b0
Event: 0.007 loading class 0x00007fe06c0561b0 done
Event: 0.007 loading class 0x00007fe06c0561f0
Event: 0.007 loading class 0x00007fe06c0561f0 done
Event: 0.007 loading class 0x00007fe06c02a920 done


Dynamic libraries:
00400000-00401000 r-xp 00000000 08:05 22667                              /usr/lib/jvm/java-7-openjdk-amd64/jre/bin/java
00600000-00601000 r--p 00000000 08:05 22667                              /usr/lib/jvm/java-7-openjdk-amd64/jre/bin/java
00601000-00602000 rw-p 00001000 08:05 22667                              /usr/lib/jvm/java-7-openjdk-amd64/jre/bin/java
006de000-006ff000 rw-p 00000000 00:00 0                                  [heap]
9aa00000-9bec0000 rw-p 00000000 00:00 0 
9bec0000-a5000000 rw-p 00000000 00:00 0 
a5000000-a8cb0000 rw-p 00000000 00:00 0 
a8cb0000-e1ab0000 rw-p 00000000 00:00 0 
e1ab0000-e3900000 rw-p 00000000 00:00 0 
e3900000-100000000 rw-p 00000000 00:00 0 
7fe054000000-7fe054021000 rw-p 00000000 00:00 0 
7fe054021000-7fe058000000 ---p 00000000 00:00 0 
7fe058000000-7fe058021000 rw-p 00000000 00:00 0 
7fe058021000-7fe05c000000 ---p 00000000 00:00 0 
7fe05c000000-7fe05c021000 rw-p 00000000 00:00 0 
7fe05c021000-7fe060000000 ---p 00000000 00:00 0 
7fe060d50000-7fe064000000 rw-p 00000000 00:00 0 
7fe064000000-7fe064021000 rw-p 00000000 00:00 0 
7fe064021000-7fe068000000 ---p 00000000 00:00 0 
7fe069000000-7fe069270000 rwxp 00000000 00:00 0 
7fe069270000-7fe06c061000 rw-p 00000000 00:00 0 
7fe06c061000-7fe070000000 ---p 00000000 00:00 0 
7fe0705da000-7fe070820000 rw-p 00000000 00:00 0 
7fe070820000-7fe0708f7000 r--s 013f2000 08:05 2103384                    /home/nitin/Development/adt-bundle-linux-x86_64-20131030/sdk/platforms/android-19/android.jar
7fe0708f7000-7fe0715cb000 rw-p 00000000 00:00 0 
7fe0715cb000-7fe0715cc000 ---p 00000000 00:00 0 
7fe0715cc000-7fe0716cc000 rw-p 00000000 00:00 0                          [stack:23780]
7fe0716cc000-7fe0716cd000 ---p 00000000 00:00 0 
7fe0716cd000-7fe0717cd000 rw-p 00000000 00:00 0                          [stack:23779]
7fe0717cd000-7fe0717ce000 ---p 00000000 00:00 0 
7fe0717ce000-7fe0718ce000 rw-p 00000000 00:00 0                          [stack:23778]
7fe0718ce000-7fe0718cf000 ---p 00000000 00:00 0 
7fe0718cf000-7fe0719da000 rw-p 00000000 00:00 0                          [stack:23777]
7fe0719da000-7fe071a22000 rw-p 00000000 00:00 0 
7fe071a22000-7fe071a41000 rw-p 00000000 00:00 0 
7fe071a41000-7fe071c08000 rw-p 00000000 00:00 0 
7fe071c08000-7fe071c13000 rw-p 00000000 00:00 0 
7fe071c13000-7fe071c5b000 rw-p 00000000 00:00 0 
7fe071c5b000-7fe071c7a000 rw-p 00000000 00:00 0 
7fe071c7a000-7fe071e40000 rw-p 00000000 00:00 0 
7fe071e40000-7fe071e50000 rw-p 00000000 00:00 0 
7fe071e50000-7fe071f33000 rw-p 00000000 00:00 0 
7fe071f33000-7fe071f34000 rw-p 00000000 00:00 0 
7fe071f34000-7fe071f3c000 r-xp 00000000 08:05 22665                      /usr/lib/jvm/java-7-openjdk-amd64/jre/lib/amd64/libzip.so
7fe071f3c000-7fe07213b000 ---p 00008000 08:05 22665                      /usr/lib/jvm/java-7-openjdk-amd64/jre/lib/amd64/libzip.so
7fe07213b000-7fe07213c000 r--p 00007000 08:05 22665                      /usr/lib/jvm/java-7-openjdk-amd64/jre/lib/amd64/libzip.so
7fe07213c000-7fe07213d000 rw-p 00008000 08:05 22665                      /usr/lib/jvm/java-7-openjdk-amd64/jre/lib/amd64/libzip.so
7fe07213d000-7fe072149000 r-xp 00000000 08:05 265900                     /lib/x86_64-linux-gnu/libnss_files-2.17.so
7fe072149000-7fe072348000 ---p 0000c000 08:05 265900                     /lib/x86_64-linux-gnu/libnss_files-2.17.so
7fe072348000-7fe072349000 r--p 0000b000 08:05 265900                     /lib/x86_64-linux-gnu/libnss_files-2.17.so
7fe072349000-7fe07234a000 rw-p 0000c000 08:05 265900                     /lib/x86_64-linux-gnu/libnss_files-2.17.so
7fe07234a000-7fe072355000 r-xp 00000000 08:05 272094                     /lib/x86_64-linux-gnu/libnss_nis-2.17.so
7fe072355000-7fe072554000 ---p 0000b000 08:05 272094                     /lib/x86_64-linux-gnu/libnss_nis-2.17.so
7fe072554000-7fe072555000 r--p 0000a000 08:05 272094                     /lib/x86_64-linux-gnu/libnss_nis-2.17.so
7fe072555000-7fe072556000 rw-p 0000b000 08:05 272094                     /lib/x86_64-linux-gnu/libnss_nis-2.17.so
7fe072556000-7fe07256d000 r-xp 00000000 08:05 262976                     /lib/x86_64-linux-gnu/libnsl-2.17.so
7fe07256d000-7fe07276c000 ---p 00017000 08:05 262976                     /lib/x86_64-linux-gnu/libnsl-2.17.so
7fe07276c000-7fe07276d000 r--p 00016000 08:05 262976                     /lib/x86_64-linux-gnu/libnsl-2.17.so
7fe07276d000-7fe07276e000 rw-p 00017000 08:05 262976                     /lib/x86_64-linux-gnu/libnsl-2.17.so
7fe07276e000-7fe072770000 rw-p 00000000 00:00 0 
7fe072770000-7fe072778000 r-xp 00000000 08:05 272096                     /lib/x86_64-linux-gnu/libnss_compat-2.17.so
7fe072778000-7fe072977000 ---p 00008000 08:05 272096                     /lib/x86_64-linux-gnu/libnss_compat-2.17.so
7fe072977000-7fe072978000 r--p 00007000 08:05 272096                     /lib/x86_64-linux-gnu/libnss_compat-2.17.so
7fe072978000-7fe072979000 rw-p 00008000 08:05 272096                     /lib/x86_64-linux-gnu/libnss_compat-2.17.so
7fe072979000-7fe0729a4000 r-xp 00000000 08:05 22649                      /usr/lib/jvm/java-7-openjdk-amd64/jre/lib/amd64/libjava.so
7fe0729a4000-7fe072ba3000 ---p 0002b000 08:05 22649                      /usr/lib/jvm/java-7-openjdk-amd64/jre/lib/amd64/libjava.so
7fe072ba3000-7fe072ba4000 r--p 0002a000 08:05 22649                      /usr/lib/jvm/java-7-openjdk-amd64/jre/lib/amd64/libjava.so
7fe072ba4000-7fe072ba6000 rw-p 0002b000 08:05 22649                      /usr/lib/jvm/java-7-openjdk-amd64/jre/lib/amd64/libjava.so
7fe072ba6000-7fe072bb5000 r-xp 00000000 08:05 22648                      /usr/lib/jvm/java-7-openjdk-amd64/jre/lib/amd64/libverify.so
7fe072bb5000-7fe072db4000 ---p 0000f000 08:05 22648                      /usr/lib/jvm/java-7-openjdk-amd64/jre/lib/amd64/libverify.so
7fe072db4000-7fe072db6000 r--p 0000e000 08:05 22648                      /usr/lib/jvm/java-7-openjdk-amd64/jre/lib/amd64/libverify.so
7fe072db6000-7fe072db7000 rw-p 00010000 08:05 22648                      /usr/lib/jvm/java-7-openjdk-amd64/jre/lib/amd64/libverify.so
7fe072db7000-7fe072dbe000 r-xp 00000000 08:05 270962                     /lib/x86_64-linux-gnu/librt-2.17.so
7fe072dbe000-7fe072fbd000 ---p 00007000 08:05 270962                     /lib/x86_64-linux-gnu/librt-2.17.so
7fe072fbd000-7fe072fbe000 r--p 00006000 08:05 270962                     /lib/x86_64-linux-gnu/librt-2.17.so
7fe072fbe000-7fe072fbf000 rw-p 00007000 08:05 270962                     /lib/x86_64-linux-gnu/librt-2.17.so
7fe072fbf000-7fe072fd3000 r-xp 00000000 08:05 265957                     /lib/x86_64-linux-gnu/libgcc_s.so.1
7fe072fd3000-7fe0731d3000 ---p 00014000 08:05 265957                     /lib/x86_64-linux-gnu/libgcc_s.so.1
7fe0731d3000-7fe0731d4000 r--p 00014000 08:05 265957                     /lib/x86_64-linux-gnu/libgcc_s.so.1
7fe0731d4000-7fe0731d5000 rw-p 00015000 08:05 265957                     /lib/x86_64-linux-gnu/libgcc_s.so.1
7fe0731d5000-7fe0732d8000 r-xp 00000000 08:05 272095                     /lib/x86_64-linux-gnu/libm-2.17.so
7fe0732d8000-7fe0734d8000 ---p 00103000 08:05 272095                     /lib/x86_64-linux-gnu/libm-2.17.so
7fe0734d8000-7fe0734d9000 r--p 00103000 08:05 272095                     /lib/x86_64-linux-gnu/libm-2.17.so
7fe0734d9000-7fe0734da000 rw-p 00104000 08:05 272095                     /lib/x86_64-linux-gnu/libm-2.17.so
7fe0734da000-7fe0735bf000 r-xp 00000000 08:05 12838                      /usr/lib/x86_64-linux-gnu/libstdc++.so.6.0.17
7fe0735bf000-7fe0737be000 ---p 000e5000 08:05 12838                      /usr/lib/x86_64-linux-gnu/libstdc++.so.6.0.17
7fe0737be000-7fe0737c6000 r--p 000e4000 08:05 12838                      /usr/lib/x86_64-linux-gnu/libstdc++.so.6.0.17
7fe0737c6000-7fe0737c8000 rw-p 000ec000 08:05 12838                      /usr/lib/x86_64-linux-gnu/libstdc++.so.6.0.17
7fe0737c8000-7fe0737dd000 rw-p 00000000 00:00 0 
7fe0737dd000-7fe0741cd000 r-xp 00000000 08:05 22654                      /usr/lib/jvm/java-7-openjdk-amd64/jre/lib/amd64/server/libjvm.so
7fe0741cd000-7fe0743cc000 ---p 009f0000 08:05 22654                      /usr/lib/jvm/java-7-openjdk-amd64/jre/lib/amd64/server/libjvm.so
7fe0743cc000-7fe07444b000 r--p 009ef000 08:05 22654                      /usr/lib/jvm/java-7-openjdk-amd64/jre/lib/amd64/server/libjvm.so
7fe07444b000-7fe07446e000 rw-p 00a6e000 08:05 22654                      /usr/lib/jvm/java-7-openjdk-amd64/jre/lib/amd64/server/libjvm.so
7fe07446e000-7fe074499000 rw-p 00000000 00:00 0 
7fe074499000-7fe0744af000 r-xp 00000000 08:05 266085                     /lib/x86_64-linux-gnu/libz.so.1.2.7
7fe0744af000-7fe0746ae000 ---p 00016000 08:05 266085                     /lib/x86_64-linux-gnu/libz.so.1.2.7
7fe0746ae000-7fe0746af000 r--p 00015000 08:05 266085                     /lib/x86_64-linux-gnu/libz.so.1.2.7
7fe0746af000-7fe0746b0000 rw-p 00016000 08:05 266085                     /lib/x86_64-linux-gnu/libz.so.1.2.7
7fe0746b0000-7fe0746c8000 r-xp 00000000 08:05 262977                     /lib/x86_64-linux-gnu/libpthread-2.17.so
7fe0746c8000-7fe0748c7000 ---p 00018000 08:05 262977                     /lib/x86_64-linux-gnu/libpthread-2.17.so
7fe0748c7000-7fe0748c8000 r--p 00017000 08:05 262977                     /lib/x86_64-linux-gnu/libpthread-2.17.so
7fe0748c8000-7fe0748c9000 rw-p 00018000 08:05 262977                     /lib/x86_64-linux-gnu/libpthread-2.17.so
7fe0748c9000-7fe0748cd000 rw-p 00000000 00:00 0 
7fe0748cd000-7fe0748d0000 r-xp 00000000 08:05 265860                     /lib/x86_64-linux-gnu/libdl-2.17.so
7fe0748d0000-7fe074acf000 ---p 00003000 08:05 265860                     /lib/x86_64-linux-gnu/libdl-2.17.so
7fe074acf000-7fe074ad0000 r--p 00002000 08:05 265860                     /lib/x86_64-linux-gnu/libdl-2.17.so
7fe074ad0000-7fe074ad1000 rw-p 00003000 08:05 265860                     /lib/x86_64-linux-gnu/libdl-2.17.so
7fe074ad1000-7fe074c90000 r-xp 00000000 08:05 272098                     /lib/x86_64-linux-gnu/libc-2.17.so
7fe074c90000-7fe074e8f000 ---p 001bf000 08:05 272098                     /lib/x86_64-linux-gnu/libc-2.17.so
7fe074e8f000-7fe074e93000 r--p 001be000 08:05 272098                     /lib/x86_64-linux-gnu/libc-2.17.so
7fe074e93000-7fe074e95000 rw-p 001c2000 08:05 272098                     /lib/x86_64-linux-gnu/libc-2.17.so
7fe074e95000-7fe074e9a000 rw-p 00000000 00:00 0 
7fe074e9a000-7fe074ea7000 r-xp 00000000 08:05 22631                      /usr/lib/jvm/java-7-openjdk-amd64/jre/lib/amd64/jli/libjli.so
7fe074ea7000-7fe0750a6000 ---p 0000d000 08:05 22631                      /usr/lib/jvm/java-7-openjdk-amd64/jre/lib/amd64/jli/libjli.so
7fe0750a6000-7fe0750a7000 r--p 0000c000 08:05 22631                      /usr/lib/jvm/java-7-openjdk-amd64/jre/lib/amd64/jli/libjli.so
7fe0750a7000-7fe0750a8000 rw-p 0000d000 08:05 22631                      /usr/lib/jvm/java-7-openjdk-amd64/jre/lib/amd64/jli/libjli.so
7fe0750a8000-7fe0750cb000 r-xp 00000000 08:05 262968                     /lib/x86_64-linux-gnu/ld-2.17.so
7fe0750e6000-7fe0750f0000 rw-p 00000000 00:00 0 
7fe0750f0000-7fe0751a6000 rw-p 00000000 00:00 0 
7fe0751a6000-7fe0751a9000 ---p 00000000 00:00 0 
7fe0751a9000-7fe0752ac000 rw-p 00000000 00:00 0                          [stack:23776]
7fe0752bc000-7fe0752be000 rw-p 00000000 00:00 0 
7fe0752be000-7fe0752c6000 rw-s 00000000 08:05 3029795                    /tmp/hsperfdata_nitin/23771
7fe0752c6000-7fe0752c7000 rw-p 00000000 00:00 0 
7fe0752c7000-7fe0752c8000 r--p 00000000 00:00 0 
7fe0752c8000-7fe0752ca000 rw-p 00000000 00:00 0 
7fe0752ca000-7fe0752cb000 r--p 00022000 08:05 262968                     /lib/x86_64-linux-gnu/ld-2.17.so
7fe0752cb000-7fe0752cd000 rw-p 00023000 08:05 262968                     /lib/x86_64-linux-gnu/ld-2.17.so
7ffffcf6e000-7ffffcf8f000 rw-p 00000000 00:00 0                          [stack]
7ffffcffe000-7ffffd000000 r-xp 00000000 00:00 0                          [vdso]
ffffffffff600000-ffffffffff601000 r-xp 00000000 00:00 0                  [vsyscall]

VM Arguments:
jvm_args: -Dfile.encoding=UTF-8 -Xbootclasspath:/home/nitin/Development/adt-bundle-linux-x86_64-20131030/sdk/platforms/android-19/android.jar 
java_command: com.huevision.threads.HueWriter
Launcher Type: SUN_STANDARD

Environment Variables:
PATH=/usr/lib/lightdm/lightdm:/usr/local/sbin:/usr/local/bin:/usr/sbin:/usr/bin:/sbin:/bin:/usr/games:/usr/local/games:/home/nitin/Development/adt-bundle-linux-x86_64-20131030/eclipse:/home/nitin/Development/go/bin
SHELL=/bin/bash
DISPLAY=:0.0

Signal Handlers:
SIGSEGV: [libjvm.so+0x84f410], sa_mask[0]=0x7ffbfeff, sa_flags=0x10000004
SIGBUS: [libjvm.so+0x84f410], sa_mask[0]=0x7ffbfeff, sa_flags=0x10000004
SIGFPE: [libjvm.so+0x6f19a0], sa_mask[0]=0x7ffbfeff, sa_flags=0x10000004
SIGPIPE: [libjvm.so+0x6f19a0], sa_mask[0]=0x7ffbfeff, sa_flags=0x10000004
SIGXFSZ: [libjvm.so+0x6f19a0], sa_mask[0]=0x7ffbfeff, sa_flags=0x10000004
SIGILL: [libjvm.so+0x6f19a0], sa_mask[0]=0x7ffbfeff, sa_flags=0x10000004
SIGUSR1: SIG_DFL, sa_mask[0]=0x00000000, sa_flags=0x00000000
SIGUSR2: [libjvm.so+0x6f1d70], sa_mask[0]=0x00000004, sa_flags=0x10000004
SIGHUP: SIG_DFL, sa_mask[0]=0x00000000, sa_flags=0x00000000
SIGINT: SIG_DFL, sa_mask[0]=0x00000000, sa_flags=0x00000000
SIGTERM: SIG_DFL, sa_mask[0]=0x00000000, sa_flags=0x00000000
SIGQUIT: SIG_DFL, sa_mask[0]=0x00000000, sa_flags=0x00000000


---------------  S Y S T E M  ---------------

OS:Ubuntu 13.04 (raring)
uname:Linux 3.8.0-35-generic #50-Ubuntu SMP Tue Dec 3 01:24:59 UTC 2013 x86_64
libc:glibc 2.17 NPTL 2.17 
rlimit: STACK 8192k, CORE 0k, NPROC 46438, NOFILE 4096, AS infinity
load average:0.46 0.56 0.70

/proc/meminfo:
MemTotal:        5963304 kB
MemFree:          153264 kB
Buffers:           52236 kB
Cached:          1231200 kB
SwapCached:       122568 kB
Active:          4048108 kB
Inactive:        1472260 kB
Active(anon):    3762484 kB
Inactive(anon):  1167820 kB
Active(file):     285624 kB
Inactive(file):   304440 kB
Unevictable:          80 kB
Mlocked:              80 kB
SwapTotal:       6138876 kB
SwapFree:        4415144 kB
Dirty:               208 kB
Writeback:             0 kB
AnonPages:       4154356 kB
Mapped:           360700 kB
Shmem:            693372 kB
Slab:             109980 kB
SReclaimable:      57484 kB
SUnreclaim:        52496 kB
KernelStack:        6952 kB
PageTables:        88172 kB
NFS_Unstable:          0 kB
Bounce:                0 kB
WritebackTmp:          0 kB
CommitLimit:     9120528 kB
Committed_AS:   20482212 kB
VmallocTotal:   34359738367 kB
VmallocUsed:      552400 kB
VmallocChunk:   34359182256 kB
HardwareCorrupted:     0 kB
AnonHugePages:         0 kB
HugePages_Total:       0
HugePages_Free:        0
HugePages_Rsvd:        0
HugePages_Surp:        0
Hugepagesize:       2048 kB
DirectMap4k:       79872 kB
DirectMap2M:     6062080 kB


CPU:total 4 (2 cores per cpu, 2 threads per core) family 6 model 42 stepping 7, cmov, cx8, fxsr, mmx, sse, sse2, sse3, ssse3, sse4.1, sse4.2, popcnt, avx, ht, tsc, tscinvbit

/proc/cpuinfo:
processor	: 0
vendor_id	: GenuineIntel
cpu family	: 6
model		: 42
model name	: Intel(R) Core(TM) i5-2410M CPU @ 2.30GHz
stepping	: 7
microcode	: 0x14
cpu MHz		: 800.000
cache size	: 3072 KB
physical id	: 0
siblings	: 4
core id		: 0
cpu cores	: 2
apicid		: 0
initial apicid	: 0
fpu		: yes
fpu_exception	: yes
cpuid level	: 13
wp		: yes
flags		: fpu vme de pse tsc msr pae mce cx8 apic sep mtrr pge mca cmov pat pse36 clflush dts acpi mmx fxsr sse sse2 ss ht tm pbe syscall nx rdtscp lm constant_tsc arch_perfmon pebs bts rep_good nopl xtopology nonstop_tsc aperfmperf eagerfpu pni pclmulqdq dtes64 monitor ds_cpl vmx est tm2 ssse3 cx16 xtpr pdcm pcid sse4_1 sse4_2 x2apic popcnt tsc_deadline_timer xsave avx lahf_lm ida arat epb xsaveopt pln pts dtherm tpr_shadow vnmi flexpriority ept vpid
bogomips	: 4589.33
clflush size	: 64
cache_alignment	: 64
address sizes	: 36 bits physical, 48 bits virtual
power management:

processor	: 1
vendor_id	: GenuineIntel
cpu family	: 6
model		: 42
model name	: Intel(R) Core(TM) i5-2410M CPU @ 2.30GHz
stepping	: 7
microcode	: 0x14
cpu MHz		: 2301.000
cache size	: 3072 KB
physical id	: 0
siblings	: 4
core id		: 0
cpu cores	: 2
apicid		: 1
initial apicid	: 1
fpu		: yes
fpu_exception	: yes
cpuid level	: 13
wp		: yes
flags		: fpu vme de pse tsc msr pae mce cx8 apic sep mtrr pge mca cmov pat pse36 clflush dts acpi mmx fxsr sse sse2 ss ht tm pbe syscall nx rdtscp lm constant_tsc arch_perfmon pebs bts rep_good nopl xtopology nonstop_tsc aperfmperf eagerfpu pni pclmulqdq dtes64 monitor ds_cpl vmx est tm2 ssse3 cx16 xtpr pdcm pcid sse4_1 sse4_2 x2apic popcnt tsc_deadline_timer xsave avx lahf_lm ida arat epb xsaveopt pln pts dtherm tpr_shadow vnmi flexpriority ept vpid
bogomips	: 4589.33
clflush size	: 64
cache_alignment	: 64
address sizes	: 36 bits physical, 48 bits virtual
power management:

processor	: 2
vendor_id	: GenuineIntel
cpu family	: 6
model		: 42
model name	: Intel(R) Core(TM) i5-2410M CPU @ 2.30GHz
stepping	: 7
microcode	: 0x14
cpu MHz		: 2301.000
cache size	: 3072 KB
physical id	: 0
siblings	: 4
core id		: 1
cpu cores	: 2
apicid		: 2
initial apicid	: 2
fpu		: yes
fpu_exception	: yes
cpuid level	: 13
wp		: yes
flags		: fpu vme de pse tsc msr pae mce cx8 apic sep mtrr pge mca cmov pat pse36 clflush dts acpi mmx fxsr sse sse2 ss ht tm pbe syscall nx rdtscp lm constant_tsc arch_perfmon pebs bts rep_good nopl xtopology nonstop_tsc aperfmperf eagerfpu pni pclmulqdq dtes64 monitor ds_cpl vmx est tm2 ssse3 cx16 xtpr pdcm pcid sse4_1 sse4_2 x2apic popcnt tsc_deadline_timer xsave avx lahf_lm ida arat epb xsaveopt pln pts dtherm tpr_shadow vnmi flexpriority ept vpid
bogomips	: 4589.33
clflush size	: 64
cache_alignment	: 64
address sizes	: 36 bits physical, 48 bits virtual
power management:

processor	: 3
vendor_id	: GenuineIntel
cpu family	: 6
model		: 42
model name	: Intel(R) Core(TM) i5-2410M CPU @ 2.30GHz
stepping	: 7
microcode	: 0x14
cpu MHz		: 2300.000
cache size	: 3072 KB
physical id	: 0
siblings	: 4
core id		: 1
cpu cores	: 2
apicid		: 3
initial apicid	: 3
fpu		: yes
fpu_exception	: yes
cpuid level	: 13
wp		: yes
flags		: fpu vme de pse tsc msr pae mce cx8 apic sep mtrr pge mca cmov pat pse36 clflush dts acpi mmx fxsr sse sse2 ss ht tm pbe syscall nx rdtscp lm constant_tsc arch_perfmon pebs bts rep_good nopl xtopology nonstop_tsc aperfmperf eagerfpu pni pclmulqdq dtes64 monitor ds_cpl vmx est tm2 ssse3 cx16 xtpr pdcm pcid sse4_1 sse4_2 x2apic popcnt tsc_deadline_timer xsave avx lahf_lm ida arat epb xsaveopt pln pts dtherm tpr_shadow vnmi flexpriority ept vpid
bogomips	: 4589.33
clflush size	: 64
cache_alignment	: 64
address sizes	: 36 bits physical, 48 bits virtual
power management:



Memory: 4k page, physical 5963304k(153264k free), swap 6138876k(4415144k free)

vm_info: OpenJDK 64-Bit Server VM (23.7-b01) for linux-amd64 JRE (1.7.0_25-b30), built on Jul  3 2013 13:50:39 by "buildd" with gcc 4.7.3

time: Sat Feb 15 21:26:10 2014
elapsed time: 0 seconds

